2021-05-25T19:27:23.144+0700 [ERROR] agent: Failed to check for updates: error="Get "https://checkpoint-api.hashicorp.com/v1/check/consul?arch=amd64&os=windows&signature=96c882e6-835b-46e4-1b1c-f24c58c8ec45&version=1.9.5": context deadline exceeded (Client.Timeout exceeded while awaiting headers)"
2021-05-25T20:29:55.917+0700 [INFO]  agent: Deregistered service: service=ProtectedApi
2021-05-25T20:29:56.002+0700 [INFO]  agent: Synced service: service=ProtectedApi
2021-05-25T20:29:57.409+0700 [INFO]  agent: Deregistered service: service=GeneralApi
2021-05-25T20:29:57.498+0700 [INFO]  agent: Synced service: service=GeneralApi
2021-05-25T20:29:57.842+0700 [INFO]  agent: Deregistered service: service=IdentityServer
2021-05-25T20:29:58.049+0700 [INFO]  agent: Synced service: service=IdentityServer
2021-05-25T20:40:50.153+0700 [INFO]  agent: Deregistered service: service=ProtectedApi
2021-05-25T20:40:50.321+0700 [INFO]  agent: Synced service: service=ProtectedApi
2021-05-25T20:40:51.892+0700 [INFO]  agent: Deregistered service: service=GeneralApi
2021-05-25T20:40:52.015+0700 [INFO]  agent: Synced service: service=GeneralApi
2021-05-25T20:40:52.390+0700 [INFO]  agent: Deregistered service: service=IdentityServer
2021-05-25T20:40:52.547+0700 [INFO]  agent: Synced service: service=IdentityServer
2021-05-25T20:56:20.090+0700 [INFO]  agent: Deregistered service: service=ProtectedApi
2021-05-25T20:56:20.235+0700 [INFO]  agent: Synced service: service=ProtectedApi
2021-05-25T20:56:21.832+0700 [INFO]  agent: Deregistered service: service=GeneralApi
2021-05-25T20:56:21.948+0700 [INFO]  agent: Synced service: service=GeneralApi
2021-05-25T20:56:22.277+0700 [INFO]  agent: Deregistered service: service=IdentityServer
2021-05-25T20:56:22.401+0700 [INFO]  agent: Synced service: service=IdentityServer
2021-05-25T20:59:17.837+0700 [INFO]  agent: Deregistered service: service=ProtectedApi
2021-05-25T20:59:18.017+0700 [INFO]  agent: Synced service: service=ProtectedApi
2021-05-25T20:59:20.194+0700 [INFO]  agent: Deregistered service: service=GeneralApi
2021-05-25T20:59:20.333+0700 [INFO]  agent: Synced service: service=GeneralApi
2021-05-25T20:59:20.583+0700 [INFO]  agent: Deregistered service: service=IdentityServer
2021-05-25T20:59:20.753+0700 [INFO]  agent: Synced service: service=IdentityServer
2021-05-25T21:01:19.268+0700 [INFO]  agent: Deregistered service: service=ProtectedApi
2021-05-25T21:01:19.422+0700 [INFO]  agent: Synced service: service=ProtectedApi
2021-05-25T21:01:20.931+0700 [INFO]  agent: Deregistered service: service=GeneralApi
2021-05-25T21:01:21.072+0700 [INFO]  agent: Synced service: service=GeneralApi
2021-05-25T21:01:21.425+0700 [INFO]  agent: Deregistered service: service=IdentityServer
2021-05-25T21:01:21.581+0700 [INFO]  agent: Synced service: service=IdentityServer
2021-05-25T21:17:20.437+0700 [INFO]  agent: Deregistered service: service=ProtectedApi
2021-05-25T21:17:20.588+0700 [INFO]  agent: Synced service: service=ProtectedApi
2021-05-25T21:17:21.899+0700 [INFO]  agent: Deregistered service: service=GeneralApi
2021-05-25T21:17:22.046+0700 [INFO]  agent: Synced service: service=GeneralApi
2021-05-25T21:17:22.328+0700 [INFO]  agent: Deregistered service: service=IdentityServer
2021-05-25T21:17:22.468+0700 [INFO]  agent: Synced service: service=IdentityServer
2021-05-25T21:39:01.722+0700 [INFO]  agent: Deregistered service: service=ProtectedApi
2021-05-25T21:39:01.903+0700 [INFO]  agent: Synced service: service=ProtectedApi
2021-05-25T21:39:03.541+0700 [INFO]  agent: Deregistered service: service=GeneralApi
2021-05-25T21:39:03.677+0700 [INFO]  agent: Synced service: service=GeneralApi
2021-05-25T21:39:04.132+0700 [INFO]  agent: Deregistered service: service=IdentityServer
2021-05-25T21:39:04.258+0700 [INFO]  agent: Synced service: service=IdentityServer
2021-05-25T21:57:29.490+0700 [INFO]  agent: Deregistered service: service=ProtectedApi
2021-05-25T21:57:29.653+0700 [INFO]  agent: Synced service: service=ProtectedApi
2021-05-25T21:57:31.330+0700 [INFO]  agent: Deregistered service: service=GeneralApi
2021-05-25T21:57:31.513+0700 [INFO]  agent: Synced service: service=GeneralApi
2021-05-25T21:57:31.897+0700 [INFO]  agent: Deregistered service: service=IdentityServer
2021-05-25T21:57:32.038+0700 [INFO]  agent: Synced service: service=IdentityServer
2021-05-25T22:08:09.547+0700 [INFO]  agent: Deregistered service: service=ProtectedApi
2021-05-25T22:08:09.687+0700 [INFO]  agent: Synced service: service=ProtectedApi
2021-05-25T22:08:11.100+0700 [INFO]  agent: Deregistered service: service=GeneralApi
2021-05-25T22:08:11.242+0700 [INFO]  agent: Synced service: service=GeneralApi
2021-05-25T22:08:11.552+0700 [INFO]  agent: Deregistered service: service=IdentityServer
2021-05-25T22:08:11.692+0700 [INFO]  agent: Synced service: service=IdentityServer
2021-05-25T22:09:41.011+0700 [INFO]  agent: Deregistered service: service=ProtectedApi
2021-05-25T22:09:41.156+0700 [INFO]  agent: Synced service: service=ProtectedApi
2021-05-25T22:09:42.476+0700 [INFO]  agent: Deregistered service: service=GeneralApi
2021-05-25T22:09:42.617+0700 [INFO]  agent: Synced service: service=GeneralApi
2021-05-25T22:09:42.961+0700 [INFO]  agent: Deregistered service: service=IdentityServer
2021-05-25T22:09:43.097+0700 [INFO]  agent: Synced service: service=IdentityServer
2021-05-25T22:11:58.312+0700 [INFO]  agent: Deregistered service: service=ProtectedApi
2021-05-25T22:11:58.443+0700 [INFO]  agent: Synced service: service=ProtectedApi
2021-05-25T22:11:59.848+0700 [INFO]  agent: Deregistered service: service=GeneralApi
2021-05-25T22:11:59.993+0700 [INFO]  agent: Synced service: service=GeneralApi
2021-05-25T22:12:00.279+0700 [INFO]  agent: Deregistered service: service=IdentityServer
2021-05-25T22:12:00.447+0700 [INFO]  agent: Synced service: service=IdentityServer
