2021-07-26T22:26:20.430+0700 [WARN]  agent: The 'ui' field is deprecated. Use the 'ui_config.enabled' field instead.
2021-07-26T22:26:20.431+0700 [WARN]  agent: bootstrap = true: do not enable unless necessary
2021-07-26T22:26:20.470+0700 [WARN]  agent.auto_config: The 'ui' field is deprecated. Use the 'ui_config.enabled' field instead.
2021-07-26T22:26:20.470+0700 [WARN]  agent.auto_config: bootstrap = true: do not enable unless necessary
2021-07-26T22:26:20.498+0700 [INFO]  agent.server.raft: restored from snapshot: id=9-213004-1626924887758
2021-07-26T22:26:20.517+0700 [INFO]  agent.server.raft: initial configuration: index=1 servers="[{Suffrage:Voter ID:f8ad9184-9bbb-d25e-6dc2-bd2030b111f1 Address:127.0.0.1:8300}]"
2021-07-26T22:26:20.517+0700 [INFO]  agent.server.raft: entering follower state: follower="Node at 127.0.0.1:8300 [Follower]" leader=
2021-07-26T22:26:20.520+0700 [INFO]  agent.server.serf.wan: serf: EventMemberJoin: MSI.microservice 127.0.0.1
2021-07-26T22:26:20.520+0700 [WARN]  agent.server.serf.wan: serf: Failed to re-join any previously known node
2021-07-26T22:26:20.520+0700 [INFO]  agent.server.serf.lan: serf: EventMemberJoin: MSI 127.0.0.1
2021-07-26T22:26:20.520+0700 [INFO]  agent.router: Initializing LAN area manager
2021-07-26T22:26:20.520+0700 [WARN]  agent.server.serf.lan: serf: Failed to re-join any previously known node
2021-07-26T22:26:20.521+0700 [INFO]  agent.server: Adding LAN server: server="MSI (Addr: tcp/127.0.0.1:8300) (DC: microservice)"
2021-07-26T22:26:20.521+0700 [INFO]  agent.server: Handled event for server in area: event=member-join server=MSI.microservice area=wan
2021-07-26T22:26:20.525+0700 [INFO]  agent: Started DNS server: address=127.0.0.1:8600 network=udp
2021-07-26T22:26:20.525+0700 [INFO]  agent: Started DNS server: address=127.0.0.1:8600 network=tcp
2021-07-26T22:26:20.527+0700 [INFO]  agent: Starting server: address=127.0.0.1:8500 network=tcp protocol=http
2021-07-26T22:26:20.527+0700 [WARN]  agent: DEPRECATED Backwards compatibility with pre-1.9 metrics enabled. These metrics will be removed in a future version of Consul. Set `telemetry { disable_compat_1.9 = true }` to disable them.
2021-07-26T22:26:20.528+0700 [INFO]  agent: started state syncer
2021-07-26T22:26:26.931+0700 [WARN]  agent.server.raft: heartbeat timeout reached, starting election: last-leader=
2021-07-26T22:26:26.931+0700 [INFO]  agent.server.raft: entering candidate state: node="Node at 127.0.0.1:8300 [Candidate]" term=10
2021-07-26T22:26:26.936+0700 [INFO]  agent.server.raft: election won: tally=1
2021-07-26T22:26:26.936+0700 [INFO]  agent.server.raft: entering leader state: leader="Node at 127.0.0.1:8300 [Leader]"
2021-07-26T22:26:26.937+0700 [INFO]  agent.server: cluster leadership acquired
2021-07-26T22:26:26.937+0700 [INFO]  agent.server: New leader elected: payload=MSI
2021-07-26T22:26:26.983+0700 [INFO]  agent.leader: started routine: routine="federation state anti-entropy"
2021-07-26T22:26:26.983+0700 [INFO]  agent.leader: started routine: routine="federation state pruning"
2021-07-26T22:26:26.985+0700 [INFO]  agent.leader: started routine: routine="intermediate cert renew watch"
2021-07-26T22:26:26.985+0700 [INFO]  agent.leader: started routine: routine="CA root pruning"
2021-07-26T22:26:27.061+0700 [INFO]  agent: Synced node info
2021-07-26T22:26:33.082+0700 [INFO]  agent: Deregistered service: service=IdentityServer
2021-07-26T22:26:33.170+0700 [INFO]  agent: Deregistered service: service=ProtectedApi
2021-07-26T22:26:33.171+0700 [INFO]  agent: Deregistered service: service=GeneralApi
2021-07-26T22:26:33.191+0700 [INFO]  agent: Synced service: service=IdentityServer
2021-07-26T22:26:33.278+0700 [INFO]  agent: Synced service: service=ProtectedApi
2021-07-26T22:26:33.280+0700 [INFO]  agent: Synced service: service=GeneralApi
2021-07-26T22:26:47.702+0700 [INFO]  agent: Deregistered service: service=GeneralApi
2021-07-26T22:26:47.857+0700 [INFO]  agent: Deregistered service: service=ProtectedApi
2021-07-26T22:26:47.873+0700 [INFO]  agent: Synced service: service=GeneralApi
2021-07-26T22:26:47.921+0700 [INFO]  agent: Deregistered service: service=IdentityServer
2021-07-26T22:26:47.982+0700 [INFO]  agent: Synced service: service=ProtectedApi
2021-07-26T22:26:48.047+0700 [INFO]  agent: Synced service: service=IdentityServer
2021-07-26T22:26:49.596+0700 [INFO]  agent: Newer Consul version available: new_version=1.10.1 current_version=1.9.5
2021-07-26T22:32:13.603+0700 [INFO]  agent: Deregistered service: service=ProtectedApi
2021-07-26T22:32:13.845+0700 [INFO]  agent: Synced service: service=ProtectedApi
2021-07-26T22:32:15.208+0700 [INFO]  agent: Deregistered service: service=GeneralApi
2021-07-26T22:32:15.285+0700 [INFO]  agent: Deregistered service: service=IdentityServer
2021-07-26T22:32:15.333+0700 [INFO]  agent: Synced service: service=GeneralApi
2021-07-26T22:32:15.409+0700 [INFO]  agent: Synced service: service=IdentityServer
2021-07-27T17:18:00.851+0700 [INFO]  agent: Caught: signal=interrupt
2021-07-27T17:18:00.853+0700 [INFO]  agent: Graceful shutdown disabled. Exiting
2021-07-27T17:18:00.853+0700 [INFO]  agent: Requesting shutdown
2021-07-27T17:18:00.854+0700 [INFO]  agent.server: shutting down server
2021-07-27T17:18:00.854+0700 [ERROR] agent.server: error performing anti-entropy sync of federation state: error="context canceled"
2021-07-27T17:18:00.854+0700 [WARN]  agent.server.serf.lan: serf: Shutdown without a Leave
2021-07-27T17:18:00.855+0700 [WARN]  agent.server.serf.wan: serf: Shutdown without a Leave
2021-07-27T17:18:00.856+0700 [INFO]  agent.router.manager: shutting down
2021-07-27T17:18:00.856+0700 [INFO]  agent.router.manager: shutting down
2021-07-27T17:18:00.857+0700 [INFO]  agent: consul server down
2021-07-27T17:18:00.857+0700 [INFO]  agent: shutdown complete
2021-07-27T17:18:00.857+0700 [INFO]  agent: Stopping server: protocol=DNS address=127.0.0.1:8600 network=tcp
2021-07-27T17:18:00.858+0700 [INFO]  agent: Stopping server: protocol=DNS address=127.0.0.1:8600 network=udp
2021-07-27T17:18:00.858+0700 [INFO]  agent: Stopping server: address=127.0.0.1:8500 network=tcp protocol=http
2021-07-27T17:18:01.359+0700 [INFO]  agent: Waiting for endpoints to shut down
2021-07-27T17:18:01.359+0700 [INFO]  agent: Endpoints down
2021-07-27T17:18:01.359+0700 [INFO]  agent: Exit code: code=1
