2021-04-27T14:35:29.760+0700 [WARN]  agent: The 'ui' field is deprecated. Use the 'ui_config.enabled' field instead.
2021-04-27T14:35:29.760+0700 [WARN]  agent: bootstrap = true: do not enable unless necessary
2021-04-27T14:35:29.801+0700 [WARN]  agent.auto_config: The 'ui' field is deprecated. Use the 'ui_config.enabled' field instead.
2021-04-27T14:35:29.802+0700 [WARN]  agent.auto_config: bootstrap = true: do not enable unless necessary
2021-04-27T14:35:29.840+0700 [INFO]  agent.server.raft: initial configuration: index=1 servers="[{Suffrage:Voter ID:f8ad9184-9bbb-d25e-6dc2-bd2030b111f1 Address:127.0.0.1:8300}]"
2021-04-27T14:35:29.840+0700 [INFO]  agent.server.raft: entering follower state: follower="Node at 127.0.0.1:8300 [Follower]" leader=
2021-04-27T14:35:29.840+0700 [INFO]  agent.server.serf.wan: serf: EventMemberJoin: MSI.microservice 127.0.0.1
2021-04-27T14:35:29.841+0700 [WARN]  agent.server.serf.wan: serf: Failed to re-join any previously known node
2021-04-27T14:35:29.841+0700 [INFO]  agent.server.serf.lan: serf: EventMemberJoin: MSI 127.0.0.1
2021-04-27T14:35:29.841+0700 [INFO]  agent.router: Initializing LAN area manager
2021-04-27T14:35:29.841+0700 [WARN]  agent.server.serf.lan: serf: Failed to re-join any previously known node
2021-04-27T14:35:29.841+0700 [INFO]  agent.server: Adding LAN server: server="MSI (Addr: tcp/127.0.0.1:8300) (DC: microservice)"
2021-04-27T14:35:29.841+0700 [INFO]  agent.server: Handled event for server in area: event=member-join server=MSI.microservice area=wan
2021-04-27T14:35:29.842+0700 [INFO]  agent: Started DNS server: address=127.0.0.1:8600 network=udp
2021-04-27T14:35:29.842+0700 [INFO]  agent: Started DNS server: address=127.0.0.1:8600 network=tcp
2021-04-27T14:35:29.842+0700 [INFO]  agent: Starting server: address=127.0.0.1:8500 network=tcp protocol=http
2021-04-27T14:35:29.842+0700 [WARN]  agent: DEPRECATED Backwards compatibility with pre-1.9 metrics enabled. These metrics will be removed in a future version of Consul. Set `telemetry { disable_compat_1.9 = true }` to disable them.
2021-04-27T14:35:29.842+0700 [INFO]  agent: started state syncer
2021-04-27T14:35:37.217+0700 [ERROR] agent.anti_entropy: failed to sync remote state: error="No cluster leader"
2021-04-27T14:35:37.564+0700 [WARN]  agent.server.raft: heartbeat timeout reached, starting election: last-leader=
2021-04-27T14:35:37.564+0700 [INFO]  agent.server.raft: entering candidate state: node="Node at 127.0.0.1:8300 [Candidate]" term=4
2021-04-27T14:35:37.569+0700 [INFO]  agent.server.raft: election won: tally=1
2021-04-27T14:35:37.569+0700 [INFO]  agent.server.raft: entering leader state: leader="Node at 127.0.0.1:8300 [Leader]"
2021-04-27T14:35:37.569+0700 [INFO]  agent.server: cluster leadership acquired
2021-04-27T14:35:37.569+0700 [INFO]  agent.server: New leader elected: payload=MSI
2021-04-27T14:35:37.850+0700 [INFO]  agent.leader: started routine: routine="federation state anti-entropy"
2021-04-27T14:35:37.850+0700 [INFO]  agent.leader: started routine: routine="federation state pruning"
2021-04-27T14:35:37.872+0700 [INFO]  agent.server.connect: initialized primary datacenter CA with provider: provider=consul
2021-04-27T14:35:37.872+0700 [INFO]  agent.leader: started routine: routine="intermediate cert renew watch"
2021-04-27T14:35:37.872+0700 [INFO]  agent.leader: started routine: routine="CA root pruning"
2021-04-27T14:35:38.895+0700 [INFO]  agent: Synced node info
2021-04-27T14:35:41.107+0700 [INFO]  agent: Deregistered service: service=BmiSampleAdmin
2021-04-27T14:35:41.375+0700 [INFO]  agent: Synced service: service=BmiSampleAdmin
2021-04-27T14:40:17.100+0700 [INFO]  agent: Deregistered service: service=BmiSampleAdmin
2021-04-27T14:40:17.429+0700 [INFO]  agent: Synced service: service=BmiSampleAdmin
2021-04-27T14:41:13.950+0700 [INFO]  agent: Deregistered service: service=BmiSampleAdmin
2021-04-27T14:41:14.275+0700 [INFO]  agent: Synced service: service=BmiSampleAdmin
2021-04-27T14:46:45.328+0700 [INFO]  agent: Deregistered service: service=BmiSampleAdmin
2021-04-27T14:46:45.636+0700 [INFO]  agent: Synced service: service=BmiSampleAdmin
2021-04-27T14:50:11.865+0700 [INFO]  agent: Deregistered service: service=BmiSampleAdmin
2021-04-27T14:50:12.177+0700 [INFO]  agent: Synced service: service=BmiSampleAdmin
2021-04-27T14:55:58.601+0700 [INFO]  agent: Deregistered service: service=BmiSampleAdmin
2021-04-27T14:55:58.954+0700 [INFO]  agent: Synced service: service=BmiSampleAdmin
2021-04-27T15:03:59.923+0700 [INFO]  agent: Deregistered service: service=BmiSampleAdmin
2021-04-27T15:04:00.240+0700 [INFO]  agent: Synced service: service=BmiSampleAdmin
2021-04-27T15:06:36.774+0700 [INFO]  agent: Deregistered service: service=BmiSampleAdmin
2021-04-27T15:06:37.065+0700 [INFO]  agent: Synced service: service=BmiSampleAdmin
2021-04-27T15:09:08.306+0700 [INFO]  agent: Deregistered service: service=BmiSampleAdmin
2021-04-27T15:09:08.569+0700 [INFO]  agent: Synced service: service=BmiSampleAdmin
2021-04-27T15:09:41.082+0700 [INFO]  agent: Deregistered service: service=BmiSampleAdmin
2021-04-27T15:09:41.445+0700 [INFO]  agent: Synced service: service=BmiSampleAdmin
2021-04-27T15:10:51.195+0700 [INFO]  agent: Deregistered service: service=BmiSampleAdmin
2021-04-27T15:10:51.440+0700 [INFO]  agent: Synced service: service=BmiSampleAdmin
2021-04-27T15:14:04.359+0700 [INFO]  agent: Deregistered service: service=BmiSampleAdmin
2021-04-27T15:14:04.649+0700 [INFO]  agent: Synced service: service=BmiSampleAdmin
2021-04-27T20:12:11.562+0700 [WARN]  agent: yamux: failed to send ping reply: session shutdown
2021-04-27T20:12:12.804+0700 [WARN]  agent: error getting server health from server: server=MSI error="context deadline exceeded"
2021-04-27T20:12:12.804+0700 [ERROR] agent.server.rpc: multiplex conn accept failed: conn=from=127.0.0.1:56560 error="read tcp 127.0.0.1:8300->127.0.0.1:56560: wsarecv: An existing connection was forcibly closed by the remote host."
2021-04-27T22:41:49.219+0700 [INFO]  agent: Deregistered service: service=BmiSampleAdmin
2021-04-27T22:41:49.456+0700 [INFO]  agent: Synced service: service=BmiSampleAdmin
2021-04-27T22:41:49.486+0700 [WARN]  agent: Failed to deregister service: service=BmiSampleCommon error="Service "BmiSampleCommon" does not exist"
2021-04-27T22:41:49.728+0700 [INFO]  agent: Synced service: service=BmiSampleCommon
2021-04-27T23:01:24.562+0700 [INFO]  agent: Deregistered service: service=BmiSampleAdmin
2021-04-27T23:01:24.853+0700 [INFO]  agent: Synced service: service=BmiSampleAdmin
2021-04-27T23:01:26.142+0700 [INFO]  agent: Deregistered service: service=BmiSampleCommon
2021-04-27T23:01:26.473+0700 [INFO]  agent: Synced service: service=BmiSampleCommon
2021-04-27T23:09:33.678+0700 [INFO]  agent: Deregistered service: service=BmiSampleAdmin
2021-04-27T23:09:33.960+0700 [INFO]  agent: Synced service: service=BmiSampleAdmin
2021-04-27T23:09:35.217+0700 [INFO]  agent: Deregistered service: service=BmiSampleCommon
2021-04-27T23:09:35.430+0700 [INFO]  agent: Synced service: service=BmiSampleCommon
2021-04-27T23:10:46.539+0700 [INFO]  agent: Deregistered service: service=BmiSampleAdmin
2021-04-27T23:10:46.835+0700 [INFO]  agent: Synced service: service=BmiSampleAdmin
2021-04-27T23:10:48.223+0700 [INFO]  agent: Deregistered service: service=BmiSampleCommon
2021-04-27T23:10:48.446+0700 [INFO]  agent: Synced service: service=BmiSampleCommon
2021-04-27T23:14:33.738+0700 [INFO]  agent: Deregistered service: service=BmiSampleAdmin
2021-04-27T23:14:34.022+0700 [INFO]  agent: Synced service: service=BmiSampleAdmin
2021-04-27T23:14:35.478+0700 [INFO]  agent: Deregistered service: service=BmiSampleCommon
2021-04-27T23:14:35.733+0700 [INFO]  agent: Synced service: service=BmiSampleCommon
2021-04-27T23:15:14.532+0700 [INFO]  agent: Deregistered service: service=BmiSampleAdmin
2021-04-27T23:15:14.877+0700 [INFO]  agent: Synced service: service=BmiSampleAdmin
2021-04-27T23:15:16.227+0700 [INFO]  agent: Deregistered service: service=BmiSampleCommon
2021-04-27T23:15:16.487+0700 [INFO]  agent: Synced service: service=BmiSampleCommon
2021-04-27T23:17:48.265+0700 [INFO]  agent: Deregistered service: service=BmiSampleAdmin
2021-04-27T23:17:48.540+0700 [INFO]  agent: Synced service: service=BmiSampleAdmin
2021-04-27T23:17:49.924+0700 [INFO]  agent: Deregistered service: service=BmiSampleCommon
2021-04-27T23:17:50.145+0700 [INFO]  agent: Synced service: service=BmiSampleCommon
2021-04-27T23:23:22.381+0700 [INFO]  agent: Deregistered service: service=BmiSampleAdmin
2021-04-27T23:23:22.736+0700 [INFO]  agent: Synced service: service=BmiSampleAdmin
2021-04-27T23:23:24.196+0700 [INFO]  agent: Deregistered service: service=BmiSampleCommon
2021-04-27T23:23:24.419+0700 [INFO]  agent: Synced service: service=BmiSampleCommon
2021-04-27T23:32:07.725+0700 [INFO]  agent: Deregistered service: service=BmiSampleAdmin
2021-04-27T23:32:07.728+0700 [INFO]  agent: Synced service: service=BmiSampleAdmin
2021-04-27T23:32:07.738+0700 [INFO]  agent: Deregistered service: service=BmiSampleCommon
2021-04-27T23:32:08.751+0700 [INFO]  agent: Synced service: service=BmiSampleCommon
2021-04-27T23:32:43.250+0700 [INFO]  agent: Deregistered service: service=BmiSampleAdmin
2021-04-27T23:32:43.253+0700 [INFO]  agent: Synced service: service=BmiSampleAdmin
2021-04-27T23:37:32.708+0700 [INFO]  agent: Deregistered service: service=BmiSampleCommon
2021-04-27T23:37:32.858+0700 [INFO]  agent: Synced service: service=BmiSampleCommon
2021-04-27T23:37:44.984+0700 [INFO]  agent: Deregistered service: service=BmiSampleAdmin
2021-04-27T23:37:44.987+0700 [INFO]  agent: Synced service: service=BmiSampleAdmin
2021-04-27T23:39:13.441+0700 [INFO]  agent: Deregistered service: service=BmiSampleAdmin
2021-04-27T23:39:13.443+0700 [INFO]  agent: Synced service: service=BmiSampleAdmin
2021-04-27T23:39:16.227+0700 [INFO]  agent: Deregistered service: service=BmiSampleCommon
2021-04-27T23:39:16.452+0700 [INFO]  agent: Synced service: service=BmiSampleCommon
2021-04-27T23:46:24.642+0700 [INFO]  agent: Deregistered service: service=BmiSampleAdmin
2021-04-27T23:46:24.646+0700 [INFO]  agent: Synced service: service=BmiSampleAdmin
2021-04-27T23:46:36.512+0700 [INFO]  agent: Deregistered service: service=BmiSampleCommon
2021-04-27T23:46:36.520+0700 [INFO]  agent: Synced service: service=BmiSampleCommon
2021-04-28T07:54:56.640+0700 [ERROR] agent: yamux: Failed to write header: write tcp 127.0.0.1:58601->127.0.0.1:8300: use of closed network connection
2021-04-28T14:26:14.931+0700 [INFO]  agent: Deregistered service: service=BmiSampleCommon
2021-04-28T14:26:14.937+0700 [INFO]  agent: Synced service: service=BmiSampleCommon
2021-04-28T14:26:14.946+0700 [INFO]  agent: Deregistered service: service=BmiSampleAdmin
2021-04-28T14:26:14.950+0700 [INFO]  agent: Synced service: service=BmiSampleAdmin
2021-04-28T14:26:34.285+0700 [INFO]  agent: Deregistered service: service=BmiSampleAdmin
2021-04-28T14:26:34.290+0700 [INFO]  agent: Synced service: service=BmiSampleAdmin
2021-04-28T14:26:34.293+0700 [INFO]  agent: Deregistered service: service=BmiSampleCommon
2021-04-28T14:26:34.297+0700 [INFO]  agent: Synced service: service=BmiSampleCommon
2021-04-28T14:27:57.098+0700 [INFO]  agent: Deregistered service: service=BmiSampleCommon
2021-04-28T14:27:57.101+0700 [INFO]  agent: Synced service: service=BmiSampleCommon
2021-04-28T14:27:57.103+0700 [INFO]  agent: Deregistered service: service=BmiSampleAdmin
2021-04-28T14:27:57.106+0700 [INFO]  agent: Synced service: service=BmiSampleAdmin
