2021-06-18T10:29:13.765+0700 [INFO]  agent: Deregistered service: service=ProtectedApi
2021-06-18T10:29:13.922+0700 [INFO]  agent: Synced service: service=ProtectedApi
2021-06-18T10:29:15.173+0700 [INFO]  agent: Deregistered service: service=GeneralApi
2021-06-18T10:29:15.369+0700 [INFO]  agent: Synced service: service=GeneralApi
2021-06-18T10:29:15.734+0700 [INFO]  agent: Deregistered service: service=IdentityServer
2021-06-18T10:29:15.907+0700 [INFO]  agent: Synced service: service=IdentityServer
2021-06-18T10:30:32.314+0700 [INFO]  agent: Deregistered service: service=ProtectedApi
2021-06-18T10:30:32.514+0700 [INFO]  agent: Synced service: service=ProtectedApi
2021-06-18T10:30:33.970+0700 [INFO]  agent: Deregistered service: service=GeneralApi
2021-06-18T10:30:34.154+0700 [INFO]  agent: Synced service: service=GeneralApi
2021-06-18T10:30:34.448+0700 [INFO]  agent: Deregistered service: service=IdentityServer
2021-06-18T10:30:34.620+0700 [INFO]  agent: Synced service: service=IdentityServer
2021-06-18T10:37:42.451+0700 [INFO]  agent: Deregistered service: service=ProtectedApi
2021-06-18T10:37:42.556+0700 [INFO]  agent: Synced service: service=ProtectedApi
2021-06-18T10:37:59.672+0700 [INFO]  agent: Deregistered service: service=GeneralApi
2021-06-18T10:37:59.884+0700 [INFO]  agent: Synced service: service=GeneralApi
2021-06-18T10:38:00.450+0700 [INFO]  agent: Deregistered service: service=IdentityServer
2021-06-18T10:38:00.602+0700 [INFO]  agent: Synced service: service=IdentityServer
2021-06-18T10:43:44.051+0700 [INFO]  agent: Deregistered service: service=ProtectedApi
2021-06-18T10:43:44.305+0700 [INFO]  agent: Synced service: service=ProtectedApi
2021-06-18T10:43:45.670+0700 [INFO]  agent: Deregistered service: service=GeneralApi
2021-06-18T10:43:45.850+0700 [INFO]  agent: Synced service: service=GeneralApi
2021-06-18T10:43:46.011+0700 [INFO]  agent: Deregistered service: service=IdentityServer
2021-06-18T10:43:46.170+0700 [INFO]  agent: Synced service: service=IdentityServer
2021-06-18T10:44:35.446+0700 [INFO]  agent: Deregistered service: service=ProtectedApi
2021-06-18T10:44:35.450+0700 [INFO]  agent: Synced service: service=ProtectedApi
2021-06-18T10:44:37.698+0700 [INFO]  agent: Deregistered service: service=GeneralApi
2021-06-18T10:44:38.984+0700 [INFO]  agent: Synced service: service=GeneralApi
2021-06-18T10:44:39.016+0700 [INFO]  agent: Deregistered service: service=IdentityServer
2021-06-18T10:44:39.171+0700 [INFO]  agent: Synced service: service=IdentityServer
2021-06-18T12:59:01.132+0700 [ERROR] agent: yamux: Failed to write header: write tcp 127.0.0.1:60647->127.0.0.1:8300: use of closed network connection
2021-06-18T12:59:01.277+0700 [ERROR] agent: Failed to check for updates: error="Get "https://checkpoint-api.hashicorp.com/v1/check/consul?arch=amd64&os=windows&signature=96c882e6-835b-46e4-1b1c-f24c58c8ec45&version=1.9.5": dial tcp: lookup checkpoint-api.hashicorp.com: no such host"
2021-06-18T16:59:18.741+0700 [INFO]  agent: Deregistered service: service=ProtectedApi
2021-06-18T16:59:18.755+0700 [INFO]  agent: Deregistered service: service=GeneralApi
2021-06-18T16:59:18.772+0700 [INFO]  agent: Deregistered service: service=IdentityServer
2021-06-18T16:59:18.950+0700 [INFO]  agent: Synced service: service=GeneralApi
2021-06-18T16:59:18.951+0700 [INFO]  agent: Synced service: service=ProtectedApi
2021-06-18T16:59:18.965+0700 [INFO]  agent: Synced service: service=IdentityServer
