2021-06-11T15:49:05.528+0700 [INFO]  agent: Deregistered service: service=ProtectedApi
2021-06-11T15:49:05.638+0700 [INFO]  agent: Synced service: service=ProtectedApi
2021-06-11T15:49:06.495+0700 [INFO]  agent: Deregistered service: service=GeneralApi
2021-06-11T15:49:06.662+0700 [INFO]  agent: Synced service: service=GeneralApi
2021-06-11T15:49:06.851+0700 [INFO]  agent: Deregistered service: service=IdentityServer
2021-06-11T15:49:07.021+0700 [INFO]  agent: Synced service: service=IdentityServer
2021-06-11T16:05:49.122+0700 [INFO]  agent: Deregistered service: service=ProtectedApi
2021-06-11T16:05:49.131+0700 [INFO]  agent: Synced service: service=ProtectedApi
2021-06-11T16:05:51.796+0700 [INFO]  agent: Deregistered service: service=GeneralApi
2021-06-11T16:05:53.493+0700 [INFO]  agent: Synced service: service=GeneralApi
2021-06-11T16:05:53.611+0700 [INFO]  agent: Deregistered service: service=IdentityServer
2021-06-11T16:05:53.752+0700 [INFO]  agent: Synced service: service=IdentityServer
2021-06-11T16:07:27.650+0700 [INFO]  agent: Deregistered service: service=ProtectedApi
2021-06-11T16:07:27.878+0700 [INFO]  agent: Synced service: service=ProtectedApi
2021-06-11T16:07:29.147+0700 [INFO]  agent: Deregistered service: service=GeneralApi
2021-06-11T16:07:29.299+0700 [INFO]  agent: Synced service: service=GeneralApi
2021-06-11T16:07:29.614+0700 [INFO]  agent: Deregistered service: service=IdentityServer
2021-06-11T16:07:29.768+0700 [INFO]  agent: Synced service: service=IdentityServer
2021-06-11T17:15:48.971+0700 [INFO]  agent: Deregistered service: service=ProtectedApi
2021-06-11T17:15:49.156+0700 [INFO]  agent: Synced service: service=ProtectedApi
2021-06-11T17:15:50.688+0700 [INFO]  agent: Deregistered service: service=GeneralApi
2021-06-11T17:15:50.828+0700 [INFO]  agent: Synced service: service=GeneralApi
2021-06-11T17:15:51.031+0700 [INFO]  agent: Deregistered service: service=IdentityServer
2021-06-11T17:15:51.155+0700 [INFO]  agent: Synced service: service=IdentityServer
2021-06-11T17:36:42.974+0700 [INFO]  agent: Deregistered service: service=ProtectedApi
2021-06-11T17:36:43.158+0700 [INFO]  agent: Synced service: service=ProtectedApi
2021-06-11T17:36:44.441+0700 [INFO]  agent: Deregistered service: service=GeneralApi
2021-06-11T17:36:44.592+0700 [INFO]  agent: Synced service: service=GeneralApi
2021-06-11T17:36:45.011+0700 [INFO]  agent: Deregistered service: service=IdentityServer
2021-06-11T17:36:45.181+0700 [INFO]  agent: Synced service: service=IdentityServer
2021-06-11T18:25:04.648+0700 [INFO]  agent: Deregistered service: service=ProtectedApi
2021-06-11T18:25:04.795+0700 [INFO]  agent: Synced service: service=ProtectedApi
2021-06-11T18:25:06.035+0700 [INFO]  agent: Deregistered service: service=GeneralApi
2021-06-11T18:25:06.182+0700 [INFO]  agent: Synced service: service=GeneralApi
2021-06-11T18:25:06.366+0700 [INFO]  agent: Deregistered service: service=IdentityServer
2021-06-11T18:25:06.505+0700 [INFO]  agent: Synced service: service=IdentityServer
2021-06-11T18:33:15.640+0700 [INFO]  agent: Deregistered service: service=ProtectedApi
2021-06-11T18:33:15.842+0700 [INFO]  agent: Synced service: service=ProtectedApi
2021-06-11T18:33:17.579+0700 [INFO]  agent: Deregistered service: service=GeneralApi
2021-06-11T18:33:17.724+0700 [INFO]  agent: Synced service: service=GeneralApi
2021-06-11T18:33:17.896+0700 [INFO]  agent: Deregistered service: service=IdentityServer
2021-06-11T18:33:18.052+0700 [INFO]  agent: Synced service: service=IdentityServer
2021-06-11T18:35:43.477+0700 [INFO]  agent: Deregistered service: service=ProtectedApi
2021-06-11T18:35:43.697+0700 [INFO]  agent: Synced service: service=ProtectedApi
2021-06-11T18:35:45.472+0700 [INFO]  agent: Deregistered service: service=GeneralApi
2021-06-11T18:35:45.698+0700 [INFO]  agent: Synced service: service=GeneralApi
2021-06-11T18:35:45.886+0700 [INFO]  agent: Deregistered service: service=IdentityServer
2021-06-11T18:35:46.060+0700 [INFO]  agent: Synced service: service=IdentityServer
2021-06-11T20:07:09.886+0700 [INFO]  agent: Newer Consul version available: new_version=1.9.6 current_version=1.9.5
