2021-05-28T09:40:21.741+0700 [INFO]  agent: Deregistered service: service=ProtectedApi
2021-05-28T09:40:21.750+0700 [INFO]  agent: Deregistered service: service=IdentityServer
2021-05-28T09:40:21.759+0700 [INFO]  agent: Deregistered service: service=GeneralApi
2021-05-28T09:40:22.293+0700 [INFO]  agent: Synced service: service=GeneralApi
2021-05-28T09:40:22.308+0700 [INFO]  agent: Synced service: service=ProtectedApi
2021-05-28T09:40:22.324+0700 [INFO]  agent: Synced service: service=IdentityServer
2021-05-28T10:24:03.705+0700 [INFO]  agent: Deregistered service: service=ProtectedApi
2021-05-28T10:24:03.913+0700 [INFO]  agent: Synced service: service=ProtectedApi
2021-05-28T10:24:05.287+0700 [INFO]  agent: Deregistered service: service=GeneralApi
2021-05-28T10:24:05.423+0700 [INFO]  agent: Synced service: service=GeneralApi
2021-05-28T10:24:05.673+0700 [INFO]  agent: Deregistered service: service=IdentityServer
2021-05-28T10:24:05.844+0700 [INFO]  agent: Synced service: service=IdentityServer
2021-05-28T10:53:45.738+0700 [INFO]  agent: Deregistered service: service=ProtectedApi
2021-05-28T10:53:45.945+0700 [INFO]  agent: Synced service: service=ProtectedApi
2021-05-28T10:53:47.737+0700 [INFO]  agent: Deregistered service: service=GeneralApi
2021-05-28T10:53:47.875+0700 [INFO]  agent: Synced service: service=GeneralApi
2021-05-28T10:53:48.000+0700 [INFO]  agent: Deregistered service: service=IdentityServer
2021-05-28T10:53:48.185+0700 [INFO]  agent: Synced service: service=IdentityServer
2021-05-28T10:56:08.964+0700 [INFO]  agent: Deregistered service: service=ProtectedApi
2021-05-28T10:56:09.135+0700 [INFO]  agent: Synced service: service=ProtectedApi
2021-05-28T10:56:11.731+0700 [INFO]  agent: Deregistered service: service=GeneralApi
2021-05-28T10:56:11.898+0700 [INFO]  agent: Synced service: service=GeneralApi
2021-05-28T10:56:12.391+0700 [INFO]  agent: Deregistered service: service=IdentityServer
2021-05-28T10:56:12.710+0700 [INFO]  agent: Synced service: service=IdentityServer
2021-05-28T11:03:04.566+0700 [INFO]  agent: Deregistered service: service=ProtectedApi
2021-05-28T11:03:04.725+0700 [INFO]  agent: Synced service: service=ProtectedApi
2021-05-28T11:03:06.408+0700 [INFO]  agent: Deregistered service: service=GeneralApi
2021-05-28T11:03:06.532+0700 [INFO]  agent: Synced service: service=GeneralApi
2021-05-28T11:03:06.812+0700 [INFO]  agent: Deregistered service: service=IdentityServer
2021-05-28T11:03:06.956+0700 [INFO]  agent: Synced service: service=IdentityServer
2021-05-28T11:05:59.849+0700 [INFO]  agent: Deregistered service: service=ProtectedApi
2021-05-28T11:06:00.011+0700 [INFO]  agent: Synced service: service=ProtectedApi
2021-05-28T11:06:01.566+0700 [INFO]  agent: Deregistered service: service=GeneralApi
2021-05-28T11:06:01.675+0700 [INFO]  agent: Synced service: service=GeneralApi
2021-05-28T11:06:02.017+0700 [INFO]  agent: Deregistered service: service=IdentityServer
2021-05-28T11:06:02.159+0700 [INFO]  agent: Synced service: service=IdentityServer
2021-05-28T11:06:44.938+0700 [INFO]  agent: Deregistered service: service=ProtectedApi
2021-05-28T11:06:45.115+0700 [INFO]  agent: Synced service: service=ProtectedApi
2021-05-28T11:06:46.821+0700 [INFO]  agent: Deregistered service: service=GeneralApi
2021-05-28T11:06:47.012+0700 [INFO]  agent: Synced service: service=GeneralApi
2021-05-28T11:06:47.351+0700 [INFO]  agent: Deregistered service: service=IdentityServer
2021-05-28T11:06:47.475+0700 [INFO]  agent: Synced service: service=IdentityServer
2021-05-28T11:11:00.261+0700 [INFO]  agent: Deregistered service: service=ProtectedApi
2021-05-28T11:11:00.449+0700 [INFO]  agent: Synced service: service=ProtectedApi
2021-05-28T11:11:02.260+0700 [INFO]  agent: Deregistered service: service=GeneralApi
2021-05-28T11:11:02.400+0700 [INFO]  agent: Synced service: service=GeneralApi
2021-05-28T11:11:02.712+0700 [INFO]  agent: Deregistered service: service=IdentityServer
2021-05-28T11:11:02.851+0700 [INFO]  agent: Synced service: service=IdentityServer
2021-05-28T11:14:08.267+0700 [INFO]  agent: Deregistered service: service=ProtectedApi
2021-05-28T11:14:08.416+0700 [INFO]  agent: Synced service: service=ProtectedApi
2021-05-28T11:14:09.967+0700 [INFO]  agent: Deregistered service: service=GeneralApi
2021-05-28T11:14:10.124+0700 [INFO]  agent: Synced service: service=GeneralApi
2021-05-28T11:14:10.563+0700 [INFO]  agent: Deregistered service: service=IdentityServer
2021-05-28T11:14:10.702+0700 [INFO]  agent: Synced service: service=IdentityServer
2021-05-28T11:24:13.598+0700 [INFO]  agent: Deregistered service: service=ProtectedApi
2021-05-28T11:24:13.808+0700 [INFO]  agent: Synced service: service=ProtectedApi
2021-05-28T11:24:15.725+0700 [INFO]  agent: Deregistered service: service=GeneralApi
2021-05-28T11:24:15.859+0700 [INFO]  agent: Synced service: service=GeneralApi
2021-05-28T11:24:16.140+0700 [INFO]  agent: Deregistered service: service=IdentityServer
2021-05-28T11:24:16.310+0700 [INFO]  agent: Synced service: service=IdentityServer
2021-05-28T11:30:39.967+0700 [INFO]  agent: Deregistered service: service=ProtectedApi
2021-05-28T11:30:40.114+0700 [INFO]  agent: Synced service: service=ProtectedApi
2021-05-28T11:30:41.710+0700 [INFO]  agent: Deregistered service: service=GeneralApi
2021-05-28T11:30:41.817+0700 [INFO]  agent: Synced service: service=GeneralApi
2021-05-28T11:30:42.110+0700 [INFO]  agent: Deregistered service: service=IdentityServer
2021-05-28T11:30:42.282+0700 [INFO]  agent: Synced service: service=IdentityServer
2021-05-28T11:32:43.865+0700 [INFO]  agent: Deregistered service: service=ProtectedApi
2021-05-28T11:32:44.053+0700 [INFO]  agent: Synced service: service=ProtectedApi
2021-05-28T11:32:45.641+0700 [INFO]  agent: Deregistered service: service=GeneralApi
2021-05-28T11:32:45.762+0700 [INFO]  agent: Synced service: service=GeneralApi
2021-05-28T11:32:46.167+0700 [INFO]  agent: Deregistered service: service=IdentityServer
2021-05-28T11:32:46.300+0700 [INFO]  agent: Synced service: service=IdentityServer
2021-05-28T16:11:21.801+0700 [INFO]  agent: Deregistered service: service=ProtectedApi
2021-05-28T16:11:22.012+0700 [INFO]  agent: Synced service: service=ProtectedApi
2021-05-28T16:11:22.880+0700 [INFO]  agent: Deregistered service: service=GeneralApi
2021-05-28T16:11:23.072+0700 [INFO]  agent: Synced service: service=GeneralApi
2021-05-28T16:11:23.572+0700 [INFO]  agent: Deregistered service: service=IdentityServer
2021-05-28T16:11:23.896+0700 [INFO]  agent: Synced service: service=IdentityServer
2021-05-28T16:26:26.806+0700 [INFO]  agent: Deregistered service: service=ProtectedApi
2021-05-28T16:26:26.968+0700 [INFO]  agent: Synced service: service=ProtectedApi
2021-05-28T16:26:28.712+0700 [INFO]  agent: Deregistered service: service=GeneralApi
2021-05-28T16:26:28.841+0700 [INFO]  agent: Synced service: service=GeneralApi
2021-05-28T16:26:29.191+0700 [INFO]  agent: Deregistered service: service=IdentityServer
2021-05-28T16:26:29.411+0700 [INFO]  agent: Synced service: service=IdentityServer
2021-05-28T16:34:19.510+0700 [INFO]  agent: Deregistered service: service=ProtectedApi
2021-05-28T16:34:19.679+0700 [INFO]  agent: Synced service: service=ProtectedApi
2021-05-28T16:34:21.611+0700 [INFO]  agent: Deregistered service: service=GeneralApi
2021-05-28T16:34:21.782+0700 [INFO]  agent: Synced service: service=GeneralApi
2021-05-28T16:34:22.174+0700 [INFO]  agent: Deregistered service: service=IdentityServer
2021-05-28T16:34:22.466+0700 [INFO]  agent: Synced service: service=IdentityServer
2021-05-28T16:44:29.256+0700 [INFO]  agent: Deregistered service: service=ProtectedApi
2021-05-28T16:44:29.399+0700 [INFO]  agent: Synced service: service=ProtectedApi
2021-05-28T16:44:30.847+0700 [INFO]  agent: Deregistered service: service=GeneralApi
2021-05-28T16:44:30.968+0700 [INFO]  agent: Synced service: service=GeneralApi
2021-05-28T16:44:31.304+0700 [INFO]  agent: Deregistered service: service=IdentityServer
2021-05-28T16:44:31.465+0700 [INFO]  agent: Synced service: service=IdentityServer
2021-05-28T18:25:00.087+0700 [INFO]  agent: Deregistered service: service=ProtectedApi
2021-05-28T18:25:00.323+0700 [INFO]  agent: Synced service: service=ProtectedApi
2021-05-28T18:25:01.716+0700 [INFO]  agent: Deregistered service: service=GeneralApi
2021-05-28T18:25:01.958+0700 [INFO]  agent: Synced service: service=GeneralApi
2021-05-28T18:25:02.288+0700 [INFO]  agent: Deregistered service: service=IdentityServer
2021-05-28T18:25:02.437+0700 [INFO]  agent: Synced service: service=IdentityServer
2021-05-28T18:50:35.183+0700 [INFO]  agent: Deregistered service: service=ProtectedApi
2021-05-28T18:50:35.466+0700 [INFO]  agent: Synced service: service=ProtectedApi
2021-05-28T18:50:37.339+0700 [INFO]  agent: Deregistered service: service=GeneralApi
2021-05-28T18:50:37.469+0700 [INFO]  agent: Synced service: service=GeneralApi
2021-05-28T18:50:37.811+0700 [INFO]  agent: Deregistered service: service=IdentityServer
2021-05-28T18:50:37.979+0700 [INFO]  agent: Synced service: service=IdentityServer
2021-05-28T19:52:07.785+0700 [INFO]  agent: Deregistered service: service=ProtectedApi
2021-05-28T19:52:07.943+0700 [INFO]  agent: Synced service: service=ProtectedApi
2021-05-28T19:52:09.346+0700 [INFO]  agent: Deregistered service: service=GeneralApi
2021-05-28T19:52:09.522+0700 [INFO]  agent: Synced service: service=GeneralApi
2021-05-28T19:52:09.772+0700 [INFO]  agent: Deregistered service: service=IdentityServer
2021-05-28T19:52:09.936+0700 [INFO]  agent: Synced service: service=IdentityServer
2021-05-28T20:59:34.211+0700 [INFO]  agent: Deregistered service: service=ProtectedApi
2021-05-28T20:59:34.394+0700 [INFO]  agent: Synced service: service=ProtectedApi
2021-05-28T20:59:36.026+0700 [INFO]  agent: Deregistered service: service=GeneralApi
2021-05-28T20:59:36.151+0700 [INFO]  agent: Synced service: service=GeneralApi
2021-05-28T20:59:36.396+0700 [INFO]  agent: Deregistered service: service=IdentityServer
2021-05-28T20:59:36.585+0700 [INFO]  agent: Synced service: service=IdentityServer
2021-05-28T21:01:38.899+0700 [INFO]  agent: Deregistered service: service=ProtectedApi
2021-05-28T21:01:39.059+0700 [INFO]  agent: Synced service: service=ProtectedApi
2021-05-28T21:01:40.497+0700 [INFO]  agent: Deregistered service: service=GeneralApi
2021-05-28T21:01:40.625+0700 [INFO]  agent: Synced service: service=GeneralApi
2021-05-28T21:01:41.044+0700 [INFO]  agent: Deregistered service: service=IdentityServer
2021-05-28T21:01:41.169+0700 [INFO]  agent: Synced service: service=IdentityServer
2021-05-28T21:03:20.350+0700 [INFO]  agent: Deregistered service: service=ProtectedApi
2021-05-28T21:03:20.519+0700 [INFO]  agent: Synced service: service=ProtectedApi
2021-05-28T21:03:22.064+0700 [INFO]  agent: Deregistered service: service=GeneralApi
2021-05-28T21:03:22.214+0700 [INFO]  agent: Synced service: service=GeneralApi
2021-05-28T21:03:22.513+0700 [INFO]  agent: Deregistered service: service=IdentityServer
2021-05-28T21:03:22.653+0700 [INFO]  agent: Synced service: service=IdentityServer
2021-05-28T21:12:01.088+0700 [INFO]  agent: Deregistered service: service=ProtectedApi
2021-05-28T21:12:01.227+0700 [INFO]  agent: Synced service: service=ProtectedApi
2021-05-28T21:12:02.612+0700 [INFO]  agent: Deregistered service: service=GeneralApi
2021-05-28T21:12:02.748+0700 [INFO]  agent: Deregistered service: service=IdentityServer
2021-05-28T21:12:02.765+0700 [INFO]  agent: Synced service: service=GeneralApi
2021-05-28T21:12:02.872+0700 [INFO]  agent: Synced service: service=IdentityServer
2021-05-28T21:31:52.054+0700 [INFO]  agent: Deregistered service: service=ProtectedApi
2021-05-28T21:31:52.180+0700 [INFO]  agent: Synced service: service=ProtectedApi
2021-05-28T21:31:53.507+0700 [INFO]  agent: Deregistered service: service=GeneralApi
2021-05-28T21:31:53.663+0700 [INFO]  agent: Synced service: service=GeneralApi
2021-05-28T21:31:54.022+0700 [INFO]  agent: Deregistered service: service=IdentityServer
2021-05-28T21:31:54.178+0700 [INFO]  agent: Synced service: service=IdentityServer
2021-05-28T22:05:47.600+0700 [INFO]  agent: Deregistered service: service=ProtectedApi
2021-05-28T22:05:47.743+0700 [INFO]  agent: Synced service: service=ProtectedApi
2021-05-28T22:05:49.283+0700 [INFO]  agent: Deregistered service: service=GeneralApi
2021-05-28T22:05:49.404+0700 [INFO]  agent: Synced service: service=GeneralApi
2021-05-28T22:05:49.606+0700 [INFO]  agent: Deregistered service: service=IdentityServer
2021-05-28T22:05:49.793+0700 [INFO]  agent: Synced service: service=IdentityServer
2021-05-28T22:06:54.269+0700 [INFO]  agent: Deregistered service: service=ProtectedApi
2021-05-28T22:06:54.423+0700 [INFO]  agent: Synced service: service=ProtectedApi
2021-05-28T22:06:55.694+0700 [INFO]  agent: Deregistered service: service=GeneralApi
2021-05-28T22:06:55.878+0700 [INFO]  agent: Synced service: service=GeneralApi
2021-05-28T22:06:56.204+0700 [INFO]  agent: Deregistered service: service=IdentityServer
2021-05-28T22:06:56.343+0700 [INFO]  agent: Synced service: service=IdentityServer
2021-05-28T22:28:50.307+0700 [INFO]  agent: Deregistered service: service=ProtectedApi
2021-05-28T22:28:50.429+0700 [INFO]  agent: Synced service: service=ProtectedApi
2021-05-28T22:28:51.906+0700 [INFO]  agent: Deregistered service: service=GeneralApi
2021-05-28T22:28:52.013+0700 [INFO]  agent: Synced service: service=GeneralApi
2021-05-28T22:28:52.319+0700 [INFO]  agent: Deregistered service: service=IdentityServer
2021-05-28T22:28:52.490+0700 [INFO]  agent: Synced service: service=IdentityServer
2021-05-28T22:30:30.530+0700 [INFO]  agent: Deregistered service: service=ProtectedApi
2021-05-28T22:30:30.676+0700 [INFO]  agent: Synced service: service=ProtectedApi
2021-05-28T22:30:32.020+0700 [INFO]  agent: Deregistered service: service=GeneralApi
2021-05-28T22:30:32.139+0700 [INFO]  agent: Synced service: service=GeneralApi
2021-05-28T22:30:32.372+0700 [INFO]  agent: Deregistered service: service=IdentityServer
2021-05-28T22:30:32.543+0700 [INFO]  agent: Synced service: service=IdentityServer
