2021-05-19T20:15:02.668+0700 [INFO]  agent: Deregistered service: service=ProtectedApi
2021-05-19T20:15:02.783+0700 [INFO]  agent: Synced service: service=ProtectedApi
2021-05-19T20:15:03.916+0700 [INFO]  agent: Deregistered service: service=GeneralApi
2021-05-19T20:15:04.114+0700 [INFO]  agent: Synced service: service=GeneralApi
2021-05-19T20:15:04.491+0700 [INFO]  agent: Deregistered service: service=IdentityServer
2021-05-19T20:15:04.740+0700 [INFO]  agent: Synced service: service=IdentityServer
2021-05-19T20:16:37.954+0700 [INFO]  agent: Deregistered service: service=ProtectedApi
2021-05-19T20:16:38.102+0700 [INFO]  agent: Synced service: service=ProtectedApi
2021-05-19T20:16:39.487+0700 [INFO]  agent: Deregistered service: service=GeneralApi
2021-05-19T20:16:39.591+0700 [INFO]  agent: Synced service: service=GeneralApi
2021-05-19T20:16:39.697+0700 [INFO]  agent: Deregistered service: service=IdentityServer
2021-05-19T20:16:39.837+0700 [INFO]  agent: Synced service: service=IdentityServer
2021-05-20T09:09:25.241+0700 [ERROR] agent.server.rpc: multiplex conn accept failed: conn=from=127.0.0.1:61346 error="read tcp 127.0.0.1:8300->127.0.0.1:61346: wsarecv: An existing connection was forcibly closed by the remote host."
2021-05-20T13:54:45.650+0700 [INFO]  agent: Deregistered service: service=IdentityServer
2021-05-20T13:54:45.662+0700 [INFO]  agent: Deregistered service: service=ProtectedApi
2021-05-20T13:54:45.664+0700 [INFO]  agent: Deregistered service: service=GeneralApi
2021-05-20T13:54:45.818+0700 [INFO]  agent: Synced service: service=IdentityServer
2021-05-20T13:54:45.820+0700 [INFO]  agent: Synced service: service=ProtectedApi
2021-05-20T13:54:45.824+0700 [INFO]  agent: Synced service: service=GeneralApi
2021-05-20T14:08:36.609+0700 [INFO]  agent: Deregistered service: service=GeneralApi
2021-05-20T14:08:36.763+0700 [INFO]  agent: Synced service: service=GeneralApi
2021-05-20T14:08:36.806+0700 [INFO]  agent: Deregistered service: service=IdentityServer
2021-05-20T14:08:36.808+0700 [INFO]  agent: Deregistered service: service=ProtectedApi
2021-05-20T14:08:36.944+0700 [INFO]  agent: Synced service: service=IdentityServer
2021-05-20T14:08:36.947+0700 [INFO]  agent: Synced service: service=ProtectedApi
2021-05-20T14:11:44.170+0700 [INFO]  agent: Deregistered service: service=GeneralApi
2021-05-20T14:11:44.213+0700 [INFO]  agent: Deregistered service: service=ProtectedApi
2021-05-20T14:11:44.273+0700 [INFO]  agent: Deregistered service: service=IdentityServer
2021-05-20T14:11:44.306+0700 [INFO]  agent: Synced service: service=GeneralApi
2021-05-20T14:11:44.353+0700 [INFO]  agent: Synced service: service=ProtectedApi
2021-05-20T14:11:44.384+0700 [INFO]  agent: Synced service: service=IdentityServer
2021-05-20T15:40:17.469+0700 [INFO]  agent: Deregistered service: service=ProtectedApi
2021-05-20T15:40:17.677+0700 [INFO]  agent: Synced service: service=ProtectedApi
2021-05-20T15:40:18.738+0700 [INFO]  agent: Deregistered service: service=GeneralApi
2021-05-20T15:40:18.910+0700 [INFO]  agent: Synced service: service=GeneralApi
2021-05-20T15:40:19.173+0700 [INFO]  agent: Deregistered service: service=IdentityServer
2021-05-20T15:40:19.350+0700 [INFO]  agent: Synced service: service=IdentityServer
2021-05-20T15:41:04.967+0700 [INFO]  agent: Deregistered service: service=ProtectedApi
2021-05-20T15:41:05.453+0700 [INFO]  agent: Synced service: service=ProtectedApi
2021-05-20T15:41:06.639+0700 [INFO]  agent: Deregistered service: service=GeneralApi
2021-05-20T15:41:07.139+0700 [INFO]  agent: Synced service: service=GeneralApi
2021-05-20T15:41:07.152+0700 [INFO]  agent: Deregistered service: service=IdentityServer
2021-05-20T15:41:07.333+0700 [INFO]  agent: Synced service: service=IdentityServer
2021-05-20T17:37:17.269+0700 [INFO]  agent: Deregistered service: service=ProtectedApi
2021-05-20T17:37:17.432+0700 [INFO]  agent: Synced service: service=ProtectedApi
2021-05-20T17:37:19.145+0700 [INFO]  agent: Deregistered service: service=GeneralApi
2021-05-20T17:37:19.272+0700 [INFO]  agent: Synced service: service=GeneralApi
2021-05-20T17:37:19.694+0700 [INFO]  agent: Deregistered service: service=IdentityServer
2021-05-20T17:37:19.846+0700 [INFO]  agent: Synced service: service=IdentityServer
