2021-06-08T16:41:27.584+0700 [INFO]  agent: Deregistered service: service=ProtectedApi
2021-06-08T16:41:27.587+0700 [INFO]  agent: Deregistered service: service=IdentityServer
2021-06-08T16:41:27.589+0700 [INFO]  agent: Deregistered service: service=GeneralApi
2021-06-08T16:41:27.665+0700 [INFO]  agent: Synced service: service=ProtectedApi
2021-06-08T16:41:27.668+0700 [INFO]  agent: Synced service: service=GeneralApi
2021-06-08T16:41:27.670+0700 [INFO]  agent: Synced service: service=IdentityServer
2021-06-08T16:53:50.036+0700 [INFO]  agent: Deregistered service: service=ProtectedApi
2021-06-08T16:53:50.176+0700 [INFO]  agent: Synced service: service=ProtectedApi
2021-06-08T16:53:50.180+0700 [INFO]  agent: Deregistered service: service=GeneralApi
2021-06-08T16:53:50.203+0700 [INFO]  agent: Deregistered service: service=IdentityServer
2021-06-08T16:53:50.339+0700 [INFO]  agent: Synced service: service=GeneralApi
2021-06-08T16:53:50.345+0700 [INFO]  agent: Synced service: service=IdentityServer
2021-06-08T17:01:53.521+0700 [INFO]  agent: Deregistered service: service=GeneralApi
2021-06-08T17:01:53.529+0700 [INFO]  agent: Deregistered service: service=ProtectedApi
2021-06-08T17:01:53.580+0700 [INFO]  agent: Deregistered service: service=IdentityServer
2021-06-08T17:01:53.658+0700 [INFO]  agent: Synced service: service=GeneralApi
2021-06-08T17:01:53.681+0700 [INFO]  agent: Synced service: service=ProtectedApi
2021-06-08T17:01:53.736+0700 [INFO]  agent: Synced service: service=IdentityServer
2021-06-08T17:33:36.462+0700 [INFO]  agent: Deregistered service: service=ProtectedApi
2021-06-08T17:33:36.612+0700 [INFO]  agent: Synced service: service=ProtectedApi
2021-06-08T17:33:37.817+0700 [INFO]  agent: Deregistered service: service=GeneralApi
2021-06-08T17:33:37.978+0700 [INFO]  agent: Synced service: service=GeneralApi
2021-06-08T17:33:38.260+0700 [INFO]  agent: Deregistered service: service=IdentityServer
2021-06-08T17:33:38.413+0700 [INFO]  agent: Synced service: service=IdentityServer
2021-06-08T23:24:02.962+0700 [INFO]  agent: Deregistered service: service=ProtectedApi
2021-06-08T23:24:03.098+0700 [INFO]  agent: Synced service: service=ProtectedApi
2021-06-08T23:24:04.032+0700 [INFO]  agent: Deregistered service: service=GeneralApi
2021-06-08T23:24:04.204+0700 [INFO]  agent: Synced service: service=GeneralApi
2021-06-08T23:24:04.408+0700 [INFO]  agent: Deregistered service: service=IdentityServer
2021-06-08T23:24:04.530+0700 [INFO]  agent: Synced service: service=IdentityServer
2021-06-09T00:06:28.415+0700 [INFO]  agent: Deregistered service: service=ProtectedApi
2021-06-09T00:06:28.604+0700 [INFO]  agent: Synced service: service=ProtectedApi
2021-06-09T00:06:29.768+0700 [INFO]  agent: Deregistered service: service=GeneralApi
2021-06-09T00:06:29.940+0700 [INFO]  agent: Synced service: service=GeneralApi
2021-06-09T00:06:30.043+0700 [INFO]  agent: Deregistered service: service=IdentityServer
2021-06-09T00:06:30.214+0700 [INFO]  agent: Synced service: service=IdentityServer
2021-06-09T00:20:11.875+0700 [INFO]  agent: Deregistered service: service=ProtectedApi
2021-06-09T00:20:12.037+0700 [INFO]  agent: Synced service: service=ProtectedApi
2021-06-09T00:20:13.312+0700 [INFO]  agent: Deregistered service: service=GeneralApi
2021-06-09T00:20:13.512+0700 [INFO]  agent: Synced service: service=GeneralApi
2021-06-09T00:20:13.906+0700 [INFO]  agent: Deregistered service: service=IdentityServer
2021-06-09T00:20:14.123+0700 [INFO]  agent: Synced service: service=IdentityServer
2021-06-09T00:21:49.277+0700 [INFO]  agent: Deregistered service: service=ProtectedApi
2021-06-09T00:21:49.483+0700 [INFO]  agent: Synced service: service=ProtectedApi
2021-06-09T00:21:50.885+0700 [INFO]  agent: Deregistered service: service=GeneralApi
2021-06-09T00:21:51.084+0700 [INFO]  agent: Synced service: service=GeneralApi
2021-06-09T00:21:51.436+0700 [INFO]  agent: Deregistered service: service=IdentityServer
2021-06-09T00:21:51.676+0700 [INFO]  agent: Synced service: service=IdentityServer
2021-06-09T09:25:01.500+0700 [WARN]  agent: error getting server health from server: server=MSI error="context deadline exceeded"
