2021-08-06T15:10:25.813+0700 [INFO]  agent: Deregistered service: service=IdentityServer
2021-08-06T15:10:25.833+0700 [INFO]  agent: Deregistered service: service=GeneralApi
2021-08-06T15:10:25.839+0700 [INFO]  agent: Deregistered service: service=ProtectedApi
2021-08-06T15:10:26.081+0700 [INFO]  agent: Synced service: service=GeneralApi
2021-08-06T15:10:26.087+0700 [INFO]  agent: Synced service: service=IdentityServer
2021-08-06T15:10:26.094+0700 [INFO]  agent: Synced service: service=ProtectedApi
2021-08-06T15:13:12.743+0700 [INFO]  agent: Deregistered service: service=GeneralApi
2021-08-06T15:13:12.865+0700 [INFO]  agent: Deregistered service: service=ProtectedApi
2021-08-06T15:13:12.919+0700 [INFO]  agent: Synced service: service=GeneralApi
2021-08-06T15:13:12.994+0700 [INFO]  agent: Synced service: service=ProtectedApi
2021-08-06T15:13:14.123+0700 [INFO]  agent: Deregistered service: service=IdentityServer
2021-08-06T15:13:14.217+0700 [INFO]  agent: Synced service: service=IdentityServer
2021-08-06T15:14:53.504+0700 [INFO]  agent: Deregistered service: service=ProtectedApi
2021-08-06T15:14:53.674+0700 [INFO]  agent: Synced service: service=ProtectedApi
2021-08-06T15:14:55.249+0700 [INFO]  agent: Deregistered service: service=GeneralApi
2021-08-06T15:14:55.325+0700 [INFO]  agent: Deregistered service: service=IdentityServer
2021-08-06T15:14:55.373+0700 [INFO]  agent: Synced service: service=GeneralApi
2021-08-06T15:14:55.449+0700 [INFO]  agent: Synced service: service=IdentityServer
2021-08-06T15:39:43.554+0700 [INFO]  agent: Deregistered service: service=ProtectedApi
2021-08-06T15:39:43.749+0700 [INFO]  agent: Synced service: service=ProtectedApi
2021-08-06T15:39:43.751+0700 [INFO]  agent: Deregistered service: service=GeneralApi
2021-08-06T15:39:43.871+0700 [INFO]  agent: Synced service: service=GeneralApi
2021-08-06T15:39:45.083+0700 [INFO]  agent: Deregistered service: service=IdentityServer
2021-08-06T15:39:45.175+0700 [INFO]  agent: Synced service: service=IdentityServer
2021-08-06T15:40:18.832+0700 [INFO]  agent: Deregistered service: service=GeneralApi
2021-08-06T15:40:18.984+0700 [INFO]  agent: Deregistered service: service=ProtectedApi
2021-08-06T15:40:19.170+0700 [INFO]  agent: Synced service: service=GeneralApi
2021-08-06T15:40:19.246+0700 [INFO]  agent: Synced service: service=ProtectedApi
2021-08-06T15:40:19.295+0700 [INFO]  agent: Deregistered service: service=IdentityServer
2021-08-06T15:40:19.481+0700 [INFO]  agent: Synced service: service=IdentityServer
2021-08-06T15:42:30.186+0700 [INFO]  agent: Deregistered service: service=ProtectedApi
2021-08-06T15:42:30.374+0700 [INFO]  agent: Synced service: service=ProtectedApi
2021-08-06T15:42:31.605+0700 [INFO]  agent: Deregistered service: service=GeneralApi
2021-08-06T15:42:31.816+0700 [INFO]  agent: Synced service: service=GeneralApi
2021-08-06T15:42:32.175+0700 [INFO]  agent: Deregistered service: service=IdentityServer
2021-08-06T15:42:32.370+0700 [INFO]  agent: Synced service: service=IdentityServer
2021-08-06T16:30:02.157+0700 [INFO]  agent: Deregistered service: service=IdentityServer
2021-08-06T16:30:02.232+0700 [INFO]  agent: Deregistered service: service=GeneralApi
2021-08-06T16:30:02.234+0700 [INFO]  agent: Deregistered service: service=ProtectedApi
2021-08-06T16:30:02.282+0700 [INFO]  agent: Synced service: service=IdentityServer
2021-08-06T16:30:02.356+0700 [INFO]  agent: Synced service: service=GeneralApi
2021-08-06T16:30:02.358+0700 [INFO]  agent: Synced service: service=ProtectedApi
2021-08-06T16:50:17.027+0700 [INFO]  agent: Deregistered service: service=ProtectedApi
2021-08-06T16:50:17.151+0700 [INFO]  agent: Synced service: service=ProtectedApi
2021-08-06T16:50:18.381+0700 [INFO]  agent: Deregistered service: service=GeneralApi
2021-08-06T16:50:18.540+0700 [INFO]  agent: Synced service: service=GeneralApi
2021-08-06T16:50:18.666+0700 [INFO]  agent: Deregistered service: service=IdentityServer
2021-08-06T16:50:18.774+0700 [INFO]  agent: Synced service: service=IdentityServer
2021-08-06T16:52:08.342+0700 [INFO]  agent: Deregistered service: service=ProtectedApi
2021-08-06T16:52:08.471+0700 [INFO]  agent: Synced service: service=ProtectedApi
2021-08-06T16:52:09.610+0700 [INFO]  agent: Deregistered service: service=GeneralApi
2021-08-06T16:52:09.749+0700 [INFO]  agent: Synced service: service=GeneralApi
2021-08-06T16:52:09.795+0700 [INFO]  agent: Deregistered service: service=IdentityServer
2021-08-06T16:52:09.909+0700 [INFO]  agent: Synced service: service=IdentityServer
2021-08-06T22:28:42.204+0700 [WARN]  agent.server: yamux: failed to send ping reply: session shutdown
2021-08-06T22:28:42.206+0700 [WARN]  agent: yamux: failed to send ping reply: session shutdown
2021-08-06T23:10:39.814+0700 [INFO]  agent: Deregistered service: service=ProtectedApi
2021-08-06T23:10:39.979+0700 [INFO]  agent: Synced service: service=ProtectedApi
2021-08-06T23:10:41.524+0700 [INFO]  agent: Deregistered service: service=GeneralApi
2021-08-06T23:10:41.662+0700 [INFO]  agent: Synced service: service=GeneralApi
2021-08-06T23:10:42.008+0700 [INFO]  agent: Deregistered service: service=IdentityServer
2021-08-06T23:10:42.190+0700 [INFO]  agent: Synced service: service=IdentityServer
2021-08-06T23:48:58.944+0700 [INFO]  agent: Deregistered service: service=IdentityServer
2021-08-06T23:48:59.037+0700 [INFO]  agent: Synced service: service=IdentityServer
2021-08-06T23:49:02.625+0700 [INFO]  agent: Deregistered service: service=ProtectedApi
2021-08-06T23:49:02.759+0700 [INFO]  agent: Synced service: service=ProtectedApi
2021-08-06T23:49:03.568+0700 [INFO]  agent: Deregistered service: service=GeneralApi
2021-08-06T23:49:03.659+0700 [INFO]  agent: Synced service: service=GeneralApi
2021-08-07T12:29:58.282+0700 [ERROR] agent: Failed to check for updates: error="Get "https://checkpoint-api.hashicorp.com/v1/check/consul?arch=amd64&os=windows&signature=96c882e6-835b-46e4-1b1c-f24c58c8ec45&version=1.9.5": dial tcp: lookup checkpoint-api.hashicorp.com: no such host"
