2021-05-31T15:10:07.013+0700 [INFO]  agent: Deregistered service: service=ProtectedApi
2021-05-31T15:10:07.175+0700 [INFO]  agent: Synced service: service=ProtectedApi
2021-05-31T15:10:09.014+0700 [INFO]  agent: Deregistered service: service=GeneralApi
2021-05-31T15:10:09.187+0700 [INFO]  agent: Synced service: service=GeneralApi
2021-05-31T15:10:09.282+0700 [INFO]  agent: Deregistered service: service=IdentityServer
2021-05-31T15:10:09.392+0700 [INFO]  agent: Synced service: service=IdentityServer
2021-05-31T15:18:08.095+0700 [INFO]  agent: Deregistered service: service=ProtectedApi
2021-05-31T15:18:08.251+0700 [INFO]  agent: Synced service: service=ProtectedApi
2021-05-31T15:18:09.669+0700 [INFO]  agent: Deregistered service: service=GeneralApi
2021-05-31T15:18:09.795+0700 [INFO]  agent: Synced service: service=GeneralApi
2021-05-31T15:18:10.060+0700 [INFO]  agent: Deregistered service: service=IdentityServer
2021-05-31T15:18:10.216+0700 [INFO]  agent: Synced service: service=IdentityServer
2021-05-31T15:18:43.444+0700 [INFO]  agent: Deregistered service: service=ProtectedApi
2021-05-31T15:18:43.657+0700 [INFO]  agent: Synced service: service=ProtectedApi
2021-05-31T15:18:45.148+0700 [INFO]  agent: Deregistered service: service=GeneralApi
2021-05-31T15:18:45.305+0700 [INFO]  agent: Synced service: service=GeneralApi
2021-05-31T15:18:45.586+0700 [INFO]  agent: Deregistered service: service=IdentityServer
2021-05-31T15:18:45.753+0700 [INFO]  agent: Synced service: service=IdentityServer
2021-05-31T15:21:05.937+0700 [INFO]  agent: Deregistered service: service=ProtectedApi
2021-05-31T15:21:06.100+0700 [INFO]  agent: Synced service: service=ProtectedApi
2021-05-31T15:21:07.144+0700 [INFO]  agent: Deregistered service: service=GeneralApi
2021-05-31T15:21:07.250+0700 [INFO]  agent: Synced service: service=GeneralApi
2021-05-31T15:21:07.835+0700 [INFO]  agent: Deregistered service: service=IdentityServer
2021-05-31T15:21:08.021+0700 [INFO]  agent: Synced service: service=IdentityServer
2021-05-31T15:23:04.630+0700 [INFO]  agent: Caught: signal=terminated
2021-05-31T15:23:04.631+0700 [INFO]  agent: Graceful shutdown disabled. Exiting
2021-05-31T15:23:04.631+0700 [INFO]  agent: Requesting shutdown
2021-05-31T15:23:04.632+0700 [INFO]  agent.server: shutting down server
2021-05-31T15:23:04.632+0700 [WARN]  agent.server.serf.lan: serf: Shutdown without a Leave
2021-05-31T15:23:04.634+0700 [WARN]  agent.server.serf.wan: serf: Shutdown without a Leave
2021-05-31T15:23:04.634+0700 [INFO]  agent.router.manager: shutting down
2021-05-31T15:23:04.634+0700 [INFO]  agent.router.manager: shutting down
2021-05-31T15:23:04.637+0700 [INFO]  agent: consul server down
2021-05-31T15:23:04.637+0700 [INFO]  agent: shutdown complete
2021-05-31T15:23:04.637+0700 [INFO]  agent: Stopping server: protocol=DNS address=127.0.0.1:8600 network=tcp
2021-05-31T15:23:04.637+0700 [INFO]  agent: Stopping server: protocol=DNS address=127.0.0.1:8600 network=udp
2021-05-31T15:23:04.638+0700 [INFO]  agent: Stopping server: address=127.0.0.1:8500 network=tcp protocol=http
2021-05-31T15:23:05.153+0700 [INFO]  agent: Waiting for endpoints to shut down
2021-05-31T15:23:05.153+0700 [INFO]  agent: Endpoints down
2021-05-31T15:23:05.153+0700 [INFO]  agent: Exit code: code=1
