2021-06-04T14:51:20.243+0700 [INFO]  agent: Deregistered service: service=ProtectedApi
2021-06-04T14:51:20.431+0700 [INFO]  agent: Synced service: service=ProtectedApi
2021-06-04T14:51:21.812+0700 [INFO]  agent: Deregistered service: service=IdentityServer
2021-06-04T14:51:21.929+0700 [INFO]  agent: Synced service: service=IdentityServer
2021-06-04T14:51:22.084+0700 [WARN]  agent: Failed to deregister service: service=GeneralApi error="Service "GeneralApi" does not exist"
2021-06-04T14:51:22.289+0700 [INFO]  agent: Synced service: service=GeneralApi
2021-06-04T15:41:12.626+0700 [INFO]  agent: Deregistered service: service=ProtectedApi
2021-06-04T15:41:12.759+0700 [INFO]  agent: Synced service: service=ProtectedApi
2021-06-04T15:41:14.082+0700 [INFO]  agent: Deregistered service: service=GeneralApi
2021-06-04T15:41:14.206+0700 [INFO]  agent: Synced service: service=GeneralApi
2021-06-04T15:41:14.470+0700 [INFO]  agent: Deregistered service: service=IdentityServer
2021-06-04T15:41:14.764+0700 [INFO]  agent: Synced service: service=IdentityServer
2021-06-04T15:44:18.329+0700 [INFO]  agent: Deregistered service: service=ProtectedApi
2021-06-04T15:44:18.500+0700 [INFO]  agent: Synced service: service=ProtectedApi
2021-06-04T15:44:19.770+0700 [INFO]  agent: Deregistered service: service=GeneralApi
2021-06-04T15:44:19.904+0700 [INFO]  agent: Synced service: service=GeneralApi
2021-06-04T15:44:20.236+0700 [INFO]  agent: Deregistered service: service=IdentityServer
2021-06-04T15:44:20.404+0700 [INFO]  agent: Synced service: service=IdentityServer
2021-06-04T15:53:31.522+0700 [INFO]  agent: Deregistered service: service=ProtectedApi
2021-06-04T15:53:31.642+0700 [INFO]  agent: Synced service: service=ProtectedApi
2021-06-04T15:53:32.736+0700 [INFO]  agent: Deregistered service: service=GeneralApi
2021-06-04T15:53:32.868+0700 [INFO]  agent: Synced service: service=GeneralApi
2021-06-04T15:53:33.089+0700 [INFO]  agent: Deregistered service: service=IdentityServer
2021-06-04T15:53:33.255+0700 [INFO]  agent: Synced service: service=IdentityServer
2021-06-04T16:26:18.794+0700 [INFO]  agent: Deregistered service: service=ProtectedApi
2021-06-04T16:26:18.947+0700 [INFO]  agent: Synced service: service=ProtectedApi
2021-06-04T16:26:20.070+0700 [INFO]  agent: Deregistered service: service=GeneralApi
2021-06-04T16:26:20.230+0700 [INFO]  agent: Synced service: service=GeneralApi
2021-06-04T16:26:20.483+0700 [INFO]  agent: Deregistered service: service=IdentityServer
2021-06-04T16:26:20.652+0700 [INFO]  agent: Synced service: service=IdentityServer
2021-06-04T17:01:28.286+0700 [INFO]  agent: Deregistered service: service=ProtectedApi
2021-06-04T17:01:28.421+0700 [INFO]  agent: Synced service: service=ProtectedApi
2021-06-04T17:01:29.666+0700 [INFO]  agent: Deregistered service: service=GeneralApi
2021-06-04T17:01:29.794+0700 [INFO]  agent: Synced service: service=GeneralApi
2021-06-04T17:01:30.072+0700 [INFO]  agent: Deregistered service: service=IdentityServer
2021-06-04T17:01:30.256+0700 [INFO]  agent: Synced service: service=IdentityServer
2021-06-04T17:18:27.540+0700 [INFO]  agent: Deregistered service: service=ProtectedApi
2021-06-04T17:18:27.677+0700 [INFO]  agent: Synced service: service=ProtectedApi
2021-06-04T17:18:28.565+0700 [INFO]  agent: Deregistered service: service=GeneralApi
2021-06-04T17:18:28.705+0700 [INFO]  agent: Synced service: service=GeneralApi
2021-06-04T17:18:28.959+0700 [INFO]  agent: Deregistered service: service=IdentityServer
2021-06-04T17:18:29.082+0700 [INFO]  agent: Synced service: service=IdentityServer
2021-06-05T14:23:29.252+0700 [ERROR] agent: Failed to check for updates: error="Get "https://checkpoint-api.hashicorp.com/v1/check/consul?arch=amd64&os=windows&signature=96c882e6-835b-46e4-1b1c-f24c58c8ec45&version=1.9.5": dial tcp: lookup checkpoint-api.hashicorp.com: no such host"
