2021-06-30T14:10:01.326+0700 [INFO]  agent: Deregistered service: service=ProtectedApi
2021-06-30T14:10:01.555+0700 [INFO]  agent: Synced service: service=ProtectedApi
2021-06-30T14:10:02.988+0700 [INFO]  agent: Deregistered service: service=GeneralApi
2021-06-30T14:10:03.183+0700 [INFO]  agent: Synced service: service=GeneralApi
2021-06-30T14:10:03.475+0700 [INFO]  agent: Deregistered service: service=IdentityServer
2021-06-30T14:10:03.614+0700 [INFO]  agent: Synced service: service=IdentityServer
2021-06-30T14:13:37.570+0700 [INFO]  agent: Deregistered service: service=ProtectedApi
2021-06-30T14:13:37.699+0700 [INFO]  agent: Synced service: service=ProtectedApi
2021-06-30T14:13:39.025+0700 [INFO]  agent: Deregistered service: service=GeneralApi
2021-06-30T14:13:39.238+0700 [INFO]  agent: Synced service: service=GeneralApi
2021-06-30T14:13:39.744+0700 [INFO]  agent: Deregistered service: service=IdentityServer
2021-06-30T14:13:40.129+0700 [INFO]  agent: Synced service: service=IdentityServer
2021-06-30T14:14:57.766+0700 [INFO]  agent: Newer Consul version available: new_version=1.10.0 current_version=1.9.5
2021-06-30T15:05:40.455+0700 [INFO]  agent: Deregistered service: service=ProtectedApi
2021-06-30T15:05:40.610+0700 [INFO]  agent: Synced service: service=ProtectedApi
2021-06-30T15:05:41.616+0700 [INFO]  agent: Deregistered service: service=GeneralApi
2021-06-30T15:05:41.772+0700 [INFO]  agent: Synced service: service=GeneralApi
2021-06-30T15:05:42.004+0700 [INFO]  agent: Deregistered service: service=IdentityServer
2021-06-30T15:05:42.153+0700 [INFO]  agent: Synced service: service=IdentityServer
2021-06-30T15:13:49.456+0700 [INFO]  agent: Deregistered service: service=ProtectedApi
2021-06-30T15:13:49.630+0700 [INFO]  agent: Synced service: service=ProtectedApi
2021-06-30T15:13:50.694+0700 [INFO]  agent: Deregistered service: service=GeneralApi
2021-06-30T15:13:50.829+0700 [INFO]  agent: Synced service: service=GeneralApi
2021-06-30T15:13:51.066+0700 [INFO]  agent: Deregistered service: service=IdentityServer
2021-06-30T15:13:51.222+0700 [INFO]  agent: Synced service: service=IdentityServer
2021-06-30T17:09:14.422+0700 [INFO]  agent: Deregistered service: service=ProtectedApi
2021-06-30T17:09:14.582+0700 [INFO]  agent: Synced service: service=ProtectedApi
2021-06-30T17:09:15.672+0700 [INFO]  agent: Deregistered service: service=GeneralApi
2021-06-30T17:09:15.827+0700 [INFO]  agent: Synced service: service=GeneralApi
2021-06-30T17:09:16.158+0700 [INFO]  agent: Deregistered service: service=IdentityServer
2021-06-30T17:09:16.374+0700 [INFO]  agent: Synced service: service=IdentityServer
2021-06-30T17:41:40.774+0700 [INFO]  agent: Deregistered service: service=ProtectedApi
2021-06-30T17:41:40.913+0700 [INFO]  agent: Synced service: service=ProtectedApi
2021-06-30T17:41:41.887+0700 [INFO]  agent: Deregistered service: service=GeneralApi
2021-06-30T17:41:42.015+0700 [INFO]  agent: Synced service: service=GeneralApi
2021-06-30T17:41:42.222+0700 [INFO]  agent: Deregistered service: service=IdentityServer
2021-06-30T17:41:42.360+0700 [INFO]  agent: Synced service: service=IdentityServer
2021-06-30T17:43:22.602+0700 [INFO]  agent: Deregistered service: service=ProtectedApi
2021-06-30T17:43:22.694+0700 [INFO]  agent: Synced service: service=ProtectedApi
2021-06-30T17:43:23.711+0700 [INFO]  agent: Deregistered service: service=GeneralApi
2021-06-30T17:43:23.894+0700 [INFO]  agent: Synced service: service=GeneralApi
2021-06-30T17:43:24.157+0700 [INFO]  agent: Deregistered service: service=IdentityServer
2021-06-30T17:43:24.313+0700 [INFO]  agent: Synced service: service=IdentityServer
2021-06-30T17:46:07.155+0700 [INFO]  agent: Deregistered service: service=ProtectedApi
2021-06-30T17:46:07.295+0700 [INFO]  agent: Synced service: service=ProtectedApi
2021-06-30T17:46:08.458+0700 [INFO]  agent: Deregistered service: service=GeneralApi
2021-06-30T17:46:08.609+0700 [INFO]  agent: Synced service: service=GeneralApi
2021-06-30T17:46:09.020+0700 [INFO]  agent: Deregistered service: service=IdentityServer
2021-06-30T17:46:09.174+0700 [INFO]  agent: Synced service: service=IdentityServer
2021-06-30T17:57:33.428+0700 [INFO]  agent: Deregistered service: service=ProtectedApi
2021-06-30T17:57:33.579+0700 [INFO]  agent: Synced service: service=ProtectedApi
2021-06-30T17:57:34.594+0700 [INFO]  agent: Deregistered service: service=GeneralApi
2021-06-30T17:57:34.725+0700 [INFO]  agent: Synced service: service=GeneralApi
2021-06-30T17:57:35.175+0700 [INFO]  agent: Deregistered service: service=IdentityServer
2021-06-30T17:57:35.366+0700 [INFO]  agent: Synced service: service=IdentityServer
2021-06-30T18:08:11.707+0700 [INFO]  agent: Deregistered service: service=ProtectedApi
2021-06-30T18:08:11.867+0700 [INFO]  agent: Synced service: service=ProtectedApi
2021-06-30T18:08:12.988+0700 [INFO]  agent: Deregistered service: service=GeneralApi
2021-06-30T18:08:13.111+0700 [INFO]  agent: Synced service: service=GeneralApi
2021-06-30T18:08:13.284+0700 [INFO]  agent: Deregistered service: service=IdentityServer
2021-06-30T18:08:13.442+0700 [INFO]  agent: Synced service: service=IdentityServer
2021-06-30T23:00:39.629+0700 [INFO]  agent: Deregistered service: service=ProtectedApi
2021-06-30T23:00:39.791+0700 [INFO]  agent: Synced service: service=ProtectedApi
2021-06-30T23:00:40.828+0700 [INFO]  agent: Deregistered service: service=GeneralApi
2021-06-30T23:00:41.013+0700 [INFO]  agent: Synced service: service=GeneralApi
2021-06-30T23:00:41.299+0700 [INFO]  agent: Deregistered service: service=IdentityServer
2021-06-30T23:00:41.559+0700 [INFO]  agent: Synced service: service=IdentityServer
2021-06-30T23:08:39.944+0700 [INFO]  agent: Deregistered service: service=ProtectedApi
2021-06-30T23:08:40.098+0700 [INFO]  agent: Synced service: service=ProtectedApi
2021-06-30T23:08:41.026+0700 [INFO]  agent: Deregistered service: service=GeneralApi
2021-06-30T23:08:41.178+0700 [INFO]  agent: Synced service: service=GeneralApi
2021-06-30T23:08:41.462+0700 [INFO]  agent: Deregistered service: service=IdentityServer
2021-06-30T23:08:41.603+0700 [INFO]  agent: Synced service: service=IdentityServer
2021-06-30T23:14:08.421+0700 [INFO]  agent: Deregistered service: service=ProtectedApi
2021-06-30T23:14:08.584+0700 [INFO]  agent: Synced service: service=ProtectedApi
2021-06-30T23:14:09.689+0700 [INFO]  agent: Deregistered service: service=GeneralApi
2021-06-30T23:14:09.888+0700 [INFO]  agent: Synced service: service=GeneralApi
2021-06-30T23:14:10.300+0700 [INFO]  agent: Deregistered service: service=IdentityServer
2021-06-30T23:14:10.562+0700 [INFO]  agent: Synced service: service=IdentityServer
2021-06-30T23:15:55.144+0700 [INFO]  agent: Deregistered service: service=ProtectedApi
2021-06-30T23:15:55.289+0700 [INFO]  agent: Synced service: service=ProtectedApi
2021-06-30T23:15:56.188+0700 [INFO]  agent: Deregistered service: service=GeneralApi
2021-06-30T23:15:56.366+0700 [INFO]  agent: Synced service: service=GeneralApi
2021-06-30T23:15:56.741+0700 [INFO]  agent: Deregistered service: service=IdentityServer
2021-06-30T23:15:56.942+0700 [INFO]  agent: Synced service: service=IdentityServer
2021-06-30T23:17:04.935+0700 [INFO]  agent: Deregistered service: service=ProtectedApi
2021-06-30T23:17:05.085+0700 [INFO]  agent: Synced service: service=ProtectedApi
2021-06-30T23:17:06.036+0700 [INFO]  agent: Deregistered service: service=GeneralApi
2021-06-30T23:17:06.180+0700 [INFO]  agent: Synced service: service=GeneralApi
2021-06-30T23:17:06.387+0700 [INFO]  agent: Deregistered service: service=IdentityServer
2021-06-30T23:17:06.509+0700 [INFO]  agent: Synced service: service=IdentityServer
2021-06-30T23:18:55.196+0700 [INFO]  agent: Deregistered service: service=ProtectedApi
2021-06-30T23:18:55.337+0700 [INFO]  agent: Synced service: service=ProtectedApi
2021-06-30T23:18:58.000+0700 [INFO]  agent: Deregistered service: service=GeneralApi
2021-06-30T23:18:58.004+0700 [INFO]  agent: Synced service: service=GeneralApi
2021-06-30T23:18:58.022+0700 [INFO]  agent: Deregistered service: service=IdentityServer
2021-06-30T23:18:58.028+0700 [INFO]  agent: Synced service: service=IdentityServer
2021-06-30T23:20:07.980+0700 [INFO]  agent: Deregistered service: service=ProtectedApi
2021-06-30T23:20:07.986+0700 [INFO]  agent: Synced service: service=ProtectedApi
2021-06-30T23:20:07.989+0700 [INFO]  agent: Deregistered service: service=IdentityServer
2021-06-30T23:20:08.041+0700 [INFO]  agent: Deregistered service: service=GeneralApi
2021-06-30T23:20:08.045+0700 [INFO]  agent: Synced service: service=GeneralApi
2021-06-30T23:20:08.091+0700 [INFO]  agent: Synced service: service=IdentityServer
2021-06-30T23:25:05.372+0700 [INFO]  agent: Deregistered service: service=ProtectedApi
2021-06-30T23:25:05.504+0700 [INFO]  agent: Synced service: service=ProtectedApi
2021-06-30T23:25:06.456+0700 [INFO]  agent: Deregistered service: service=GeneralApi
2021-06-30T23:25:06.600+0700 [INFO]  agent: Synced service: service=GeneralApi
2021-06-30T23:25:06.789+0700 [INFO]  agent: Deregistered service: service=IdentityServer
2021-06-30T23:25:06.921+0700 [INFO]  agent: Synced service: service=IdentityServer
2021-06-30T23:41:24.883+0700 [INFO]  agent: Deregistered service: service=ProtectedApi
2021-06-30T23:41:25.058+0700 [INFO]  agent: Synced service: service=ProtectedApi
2021-06-30T23:41:26.207+0700 [INFO]  agent: Deregistered service: service=GeneralApi
2021-06-30T23:41:26.427+0700 [INFO]  agent: Synced service: service=GeneralApi
2021-06-30T23:41:26.934+0700 [INFO]  agent: Deregistered service: service=IdentityServer
2021-06-30T23:41:27.177+0700 [INFO]  agent: Synced service: service=IdentityServer
2021-06-30T23:43:57.499+0700 [INFO]  agent: Deregistered service: service=ProtectedApi
2021-06-30T23:43:57.629+0700 [INFO]  agent: Synced service: service=ProtectedApi
2021-06-30T23:43:58.933+0700 [INFO]  agent: Deregistered service: service=GeneralApi
2021-06-30T23:43:59.095+0700 [INFO]  agent: Synced service: service=GeneralApi
2021-06-30T23:43:59.504+0700 [INFO]  agent: Deregistered service: service=IdentityServer
2021-06-30T23:43:59.757+0700 [INFO]  agent: Synced service: service=IdentityServer
2021-07-01T13:49:37.608+0700 [INFO]  agent: Deregistered service: service=ProtectedApi
2021-07-01T13:49:37.749+0700 [INFO]  agent: Synced service: service=ProtectedApi
2021-07-01T13:49:39.131+0700 [INFO]  agent: Deregistered service: service=GeneralApi
2021-07-01T13:49:39.296+0700 [INFO]  agent: Synced service: service=GeneralApi
2021-07-01T13:49:39.599+0700 [INFO]  agent: Deregistered service: service=IdentityServer
2021-07-01T13:49:39.835+0700 [INFO]  agent: Synced service: service=IdentityServer
