2021-04-28T14:49:09.857+0700 [INFO]  agent: Deregistered service: service=BmiSampleCommon
2021-04-28T14:49:09.870+0700 [INFO]  agent: Deregistered service: service=BmiSampleAdmin
2021-04-28T14:49:10.052+0700 [INFO]  agent: Synced service: service=BmiSampleCommon
2021-04-28T14:49:10.087+0700 [INFO]  agent: Synced service: service=BmiSampleAdmin
2021-04-28T14:50:53.419+0700 [INFO]  agent: Deregistered service: service=BmiSampleCommon
2021-04-28T14:50:53.443+0700 [INFO]  agent: Deregistered service: service=BmiSampleAdmin
2021-04-28T14:50:53.642+0700 [INFO]  agent: Synced service: service=BmiSampleCommon
2021-04-28T14:50:53.655+0700 [INFO]  agent: Synced service: service=BmiSampleAdmin
2021-04-28T14:52:07.429+0700 [INFO]  agent: Deregistered service: service=BmiSampleAdmin
2021-04-28T14:52:07.776+0700 [INFO]  agent: Synced service: service=BmiSampleAdmin
2021-04-28T14:52:08.969+0700 [INFO]  agent: Deregistered service: service=BmiSampleCommon
2021-04-28T14:52:09.190+0700 [INFO]  agent: Synced service: service=BmiSampleCommon
2021-04-28T14:54:41.836+0700 [INFO]  agent: Deregistered service: service=BmiSampleAdmin
2021-04-28T14:54:42.126+0700 [INFO]  agent: Synced service: service=BmiSampleAdmin
2021-04-28T14:54:43.261+0700 [INFO]  agent: Deregistered service: service=BmiSampleCommon
2021-04-28T14:54:43.453+0700 [INFO]  agent: Synced service: service=BmiSampleCommon
2021-04-28T15:25:02.135+0700 [INFO]  agent: Deregistered service: service=BmiSampleAdmin
2021-04-28T15:25:02.469+0700 [INFO]  agent: Synced service: service=BmiSampleAdmin
2021-04-28T15:25:03.581+0700 [INFO]  agent: Deregistered service: service=BmiSampleCommon
2021-04-28T15:25:03.738+0700 [INFO]  agent: Synced service: service=BmiSampleCommon
2021-04-28T15:37:15.992+0700 [INFO]  agent: Deregistered service: service=BmiSampleAdmin
2021-04-28T15:37:15.995+0700 [INFO]  agent: Synced service: service=BmiSampleAdmin
2021-04-28T15:37:18.770+0700 [INFO]  agent: Deregistered service: service=BmiSampleCommon
2021-04-28T15:37:18.946+0700 [INFO]  agent: Synced service: service=BmiSampleCommon
2021-04-28T15:40:21.194+0700 [INFO]  agent: Deregistered service: service=BmiSampleAdmin
2021-04-28T15:40:21.198+0700 [INFO]  agent: Synced service: service=BmiSampleAdmin
2021-04-28T15:40:26.805+0700 [INFO]  agent: Deregistered service: service=BmiSampleCommon
2021-04-28T15:40:26.808+0700 [INFO]  agent: Synced service: service=BmiSampleCommon
2021-04-28T16:39:48.735+0700 [INFO]  agent: Deregistered service: service=BmiSampleAdmin
2021-04-28T16:39:48.739+0700 [INFO]  agent: Synced service: service=BmiSampleAdmin
2021-04-28T16:39:53.094+0700 [INFO]  agent: Deregistered service: service=BmiSampleCommon
2021-04-28T16:39:53.098+0700 [INFO]  agent: Synced service: service=BmiSampleCommon
2021-04-28T17:01:56.294+0700 [INFO]  agent: Deregistered service: service=BmiSampleAdmin
2021-04-28T17:01:56.612+0700 [INFO]  agent: Synced service: service=BmiSampleAdmin
2021-04-28T17:01:57.958+0700 [INFO]  agent: Deregistered service: service=BmiSampleCommon
2021-04-28T17:01:58.179+0700 [INFO]  agent: Synced service: service=BmiSampleCommon
2021-04-28T20:19:46.596+0700 [ERROR] agent.server.rpc: multiplex conn accept failed: conn=from=127.0.0.1:53785 error="read tcp 127.0.0.1:8300->127.0.0.1:53785: wsarecv: An existing connection was forcibly closed by the remote host."
2021-04-29T08:34:14.639+0700 [ERROR] agent: yamux: Failed to write header: write tcp 127.0.0.1:62064->127.0.0.1:8300: use of closed network connection
2021-04-29T14:48:01.169+0700 [INFO]  agent: Deregistered service: service=BmiSampleAdmin
2021-04-29T14:48:01.434+0700 [INFO]  agent: Synced service: service=BmiSampleAdmin
2021-04-29T14:48:01.863+0700 [INFO]  agent: Deregistered service: service=BmiSampleCommon
2021-04-29T14:48:02.133+0700 [INFO]  agent: Synced service: service=BmiSampleCommon
