2021-06-16T19:17:37.739+0700 [INFO]  agent: Deregistered service: service=ProtectedApi
2021-06-16T19:17:37.886+0700 [INFO]  agent: Synced service: service=ProtectedApi
2021-06-16T19:17:39.008+0700 [INFO]  agent: Deregistered service: service=GeneralApi
2021-06-16T19:17:39.140+0700 [INFO]  agent: Synced service: service=GeneralApi
2021-06-16T19:17:39.405+0700 [INFO]  agent: Deregistered service: service=IdentityServer
2021-06-16T19:17:39.559+0700 [INFO]  agent: Synced service: service=IdentityServer
2021-06-16T21:31:41.669+0700 [INFO]  agent: Deregistered service: service=ProtectedApi
2021-06-16T21:31:41.817+0700 [INFO]  agent: Synced service: service=ProtectedApi
2021-06-16T21:31:42.612+0700 [INFO]  agent: Deregistered service: service=GeneralApi
2021-06-16T21:31:42.779+0700 [INFO]  agent: Synced service: service=GeneralApi
2021-06-16T21:31:42.969+0700 [INFO]  agent: Deregistered service: service=IdentityServer
2021-06-16T21:31:43.108+0700 [INFO]  agent: Synced service: service=IdentityServer
2021-06-17T08:49:54.415+0700 [ERROR] agent: Failed to check for updates: error="Get "https://checkpoint-api.hashicorp.com/v1/check/consul?arch=amd64&os=windows&signature=96c882e6-835b-46e4-1b1c-f24c58c8ec45&version=1.9.5": dial tcp: lookup checkpoint-api.hashicorp.com: no such host"
2021-06-17T14:37:47.627+0700 [INFO]  agent: Deregistered service: service=ProtectedApi
2021-06-17T14:37:47.671+0700 [INFO]  agent: Deregistered service: service=GeneralApi
2021-06-17T14:37:47.736+0700 [INFO]  agent: Deregistered service: service=IdentityServer
2021-06-17T14:37:47.847+0700 [INFO]  agent: Synced service: service=ProtectedApi
2021-06-17T14:37:47.906+0700 [INFO]  agent: Synced service: service=GeneralApi
2021-06-17T14:37:47.943+0700 [INFO]  agent: Synced service: service=IdentityServer
2021-06-17T14:52:54.807+0700 [INFO]  agent: Deregistered service: service=ProtectedApi
2021-06-17T14:52:54.989+0700 [INFO]  agent: Synced service: service=ProtectedApi
2021-06-17T14:52:56.482+0700 [INFO]  agent: Deregistered service: service=GeneralApi
2021-06-17T14:52:56.655+0700 [INFO]  agent: Synced service: service=GeneralApi
2021-06-17T14:52:56.975+0700 [INFO]  agent: Deregistered service: service=IdentityServer
2021-06-17T14:52:57.114+0700 [INFO]  agent: Synced service: service=IdentityServer
2021-06-17T16:17:21.357+0700 [INFO]  agent: Deregistered service: service=ProtectedApi
2021-06-17T16:17:21.555+0700 [INFO]  agent: Synced service: service=ProtectedApi
2021-06-17T16:17:22.880+0700 [INFO]  agent: Deregistered service: service=GeneralApi
2021-06-17T16:17:23.018+0700 [INFO]  agent: Synced service: service=GeneralApi
2021-06-17T16:17:23.220+0700 [INFO]  agent: Deregistered service: service=IdentityServer
2021-06-17T16:17:23.333+0700 [INFO]  agent: Synced service: service=IdentityServer
2021-06-17T16:23:14.350+0700 [INFO]  agent: Deregistered service: service=ProtectedApi
2021-06-17T16:23:14.548+0700 [INFO]  agent: Synced service: service=ProtectedApi
2021-06-17T16:23:15.720+0700 [INFO]  agent: Deregistered service: service=GeneralApi
2021-06-17T16:23:15.861+0700 [INFO]  agent: Synced service: service=GeneralApi
2021-06-17T16:23:16.091+0700 [INFO]  agent: Deregistered service: service=IdentityServer
2021-06-17T16:23:16.245+0700 [INFO]  agent: Synced service: service=IdentityServer
2021-06-17T16:24:32.952+0700 [INFO]  agent: Deregistered service: service=ProtectedApi
2021-06-17T16:24:33.133+0700 [INFO]  agent: Synced service: service=ProtectedApi
2021-06-17T16:24:34.275+0700 [INFO]  agent: Deregistered service: service=GeneralApi
2021-06-17T16:24:34.451+0700 [INFO]  agent: Synced service: service=GeneralApi
2021-06-17T16:24:34.782+0700 [INFO]  agent: Deregistered service: service=IdentityServer
2021-06-17T16:24:34.935+0700 [INFO]  agent: Synced service: service=IdentityServer
2021-06-17T16:32:55.288+0700 [INFO]  agent: Deregistered service: service=ProtectedApi
2021-06-17T16:32:55.459+0700 [INFO]  agent: Synced service: service=ProtectedApi
2021-06-17T16:32:56.810+0700 [INFO]  agent: Deregistered service: service=GeneralApi
2021-06-17T16:32:56.944+0700 [INFO]  agent: Synced service: service=GeneralApi
2021-06-17T16:32:57.212+0700 [INFO]  agent: Deregistered service: service=IdentityServer
2021-06-17T16:32:57.380+0700 [INFO]  agent: Synced service: service=IdentityServer
2021-06-17T16:48:05.840+0700 [INFO]  agent: Deregistered service: service=ProtectedApi
2021-06-17T16:48:06.018+0700 [INFO]  agent: Synced service: service=ProtectedApi
2021-06-17T16:48:07.328+0700 [INFO]  agent: Deregistered service: service=GeneralApi
2021-06-17T16:48:07.474+0700 [INFO]  agent: Synced service: service=GeneralApi
2021-06-17T16:48:07.697+0700 [INFO]  agent: Deregistered service: service=IdentityServer
2021-06-17T16:48:07.850+0700 [INFO]  agent: Synced service: service=IdentityServer
