2021-07-21T17:30:40.108+0700 [WARN]  agent: The 'ui' field is deprecated. Use the 'ui_config.enabled' field instead.
2021-07-21T17:30:40.109+0700 [WARN]  agent: bootstrap = true: do not enable unless necessary
2021-07-21T17:30:40.148+0700 [WARN]  agent.auto_config: The 'ui' field is deprecated. Use the 'ui_config.enabled' field instead.
2021-07-21T17:30:40.148+0700 [WARN]  agent.auto_config: bootstrap = true: do not enable unless necessary
2021-07-21T17:30:40.177+0700 [INFO]  agent.server.raft: restored from snapshot: id=8-196620-1626345592854
2021-07-21T17:30:40.254+0700 [INFO]  agent.server.raft: initial configuration: index=1 servers="[{Suffrage:Voter ID:f8ad9184-9bbb-d25e-6dc2-bd2030b111f1 Address:127.0.0.1:8300}]"
2021-07-21T17:30:40.254+0700 [INFO]  agent.server.raft: entering follower state: follower="Node at 127.0.0.1:8300 [Follower]" leader=
2021-07-21T17:30:40.257+0700 [INFO]  agent.server.serf.wan: serf: EventMemberJoin: MSI.microservice 127.0.0.1
2021-07-21T17:30:40.258+0700 [WARN]  agent.server.serf.wan: serf: Failed to re-join any previously known node
2021-07-21T17:30:40.258+0700 [INFO]  agent.server.serf.lan: serf: EventMemberJoin: MSI 127.0.0.1
2021-07-21T17:30:40.258+0700 [INFO]  agent.router: Initializing LAN area manager
2021-07-21T17:30:40.259+0700 [WARN]  agent.server.serf.lan: serf: Failed to re-join any previously known node
2021-07-21T17:30:40.259+0700 [INFO]  agent.server: Adding LAN server: server="MSI (Addr: tcp/127.0.0.1:8300) (DC: microservice)"
2021-07-21T17:30:40.259+0700 [INFO]  agent.server: Handled event for server in area: event=member-join server=MSI.microservice area=wan
2021-07-21T17:30:40.264+0700 [INFO]  agent: Started DNS server: address=127.0.0.1:8600 network=udp
2021-07-21T17:30:40.264+0700 [INFO]  agent: Started DNS server: address=127.0.0.1:8600 network=tcp
2021-07-21T17:30:40.265+0700 [INFO]  agent: Starting server: address=127.0.0.1:8500 network=tcp protocol=http
2021-07-21T17:30:40.266+0700 [WARN]  agent: DEPRECATED Backwards compatibility with pre-1.9 metrics enabled. These metrics will be removed in a future version of Consul. Set `telemetry { disable_compat_1.9 = true }` to disable them.
2021-07-21T17:30:40.266+0700 [INFO]  agent: started state syncer
2021-07-21T17:30:47.525+0700 [ERROR] agent.anti_entropy: failed to sync remote state: error="No cluster leader"
2021-07-21T17:30:47.845+0700 [WARN]  agent.server.raft: heartbeat timeout reached, starting election: last-leader=
2021-07-21T17:30:47.845+0700 [INFO]  agent.server.raft: entering candidate state: node="Node at 127.0.0.1:8300 [Candidate]" term=9
2021-07-21T17:30:47.851+0700 [INFO]  agent.server.raft: election won: tally=1
2021-07-21T17:30:47.851+0700 [INFO]  agent.server.raft: entering leader state: leader="Node at 127.0.0.1:8300 [Leader]"
2021-07-21T17:30:47.851+0700 [INFO]  agent.server: cluster leadership acquired
2021-07-21T17:30:47.851+0700 [INFO]  agent.server: New leader elected: payload=MSI
2021-07-21T17:30:48.080+0700 [INFO]  agent.leader: started routine: routine="federation state anti-entropy"
2021-07-21T17:30:48.080+0700 [INFO]  agent.leader: started routine: routine="federation state pruning"
2021-07-21T17:30:48.083+0700 [INFO]  agent.leader: started routine: routine="intermediate cert renew watch"
2021-07-21T17:30:48.083+0700 [INFO]  agent.leader: started routine: routine="CA root pruning"
2021-07-21T17:30:50.132+0700 [INFO]  agent: Synced node info
2021-07-21T17:31:01.369+0700 [ERROR] agent: Failed to check for updates: error="Get "https://checkpoint-api.hashicorp.com/v1/check/consul?arch=amd64&os=windows&signature=96c882e6-835b-46e4-1b1c-f24c58c8ec45&version=1.9.5": dial tcp: lookup checkpoint-api.hashicorp.com: no such host"
2021-07-21T17:31:24.206+0700 [INFO]  agent: Deregistered service: service=ProtectedApi
2021-07-21T17:31:24.357+0700 [INFO]  agent: Synced service: service=ProtectedApi
2021-07-21T17:31:25.447+0700 [INFO]  agent: Deregistered service: service=GeneralApi
2021-07-21T17:31:25.540+0700 [INFO]  agent: Deregistered service: service=IdentityServer
2021-07-21T17:31:25.587+0700 [INFO]  agent: Synced service: service=GeneralApi
2021-07-21T17:31:25.634+0700 [INFO]  agent: Synced service: service=IdentityServer
2021-07-21T17:43:09.037+0700 [INFO]  agent: Deregistered service: service=GeneralApi
2021-07-21T17:43:09.191+0700 [INFO]  agent: Deregistered service: service=ProtectedApi
2021-07-21T17:43:09.221+0700 [INFO]  agent: Synced service: service=GeneralApi
2021-07-21T17:43:09.229+0700 [INFO]  agent: Deregistered service: service=IdentityServer
2021-07-21T17:43:09.361+0700 [INFO]  agent: Synced service: service=ProtectedApi
2021-07-21T17:43:09.401+0700 [INFO]  agent: Synced service: service=IdentityServer
2021-07-21T17:43:45.636+0700 [INFO]  agent: Deregistered service: service=ProtectedApi
2021-07-21T17:43:45.709+0700 [INFO]  agent: Deregistered service: service=GeneralApi
2021-07-21T17:43:45.849+0700 [INFO]  agent: Synced service: service=ProtectedApi
2021-07-21T17:43:45.884+0700 [INFO]  agent: Deregistered service: service=IdentityServer
2021-07-21T17:43:45.897+0700 [INFO]  agent: Synced service: service=GeneralApi
2021-07-21T17:43:46.048+0700 [INFO]  agent: Synced service: service=IdentityServer
2021-07-21T19:26:24.917+0700 [INFO]  agent: Deregistered service: service=GeneralApi
2021-07-21T19:26:25.682+0700 [INFO]  agent: Synced service: service=GeneralApi
2021-07-21T19:26:27.368+0700 [INFO]  agent: Deregistered service: service=ProtectedApi
2021-07-21T19:26:27.654+0700 [INFO]  agent: Synced service: service=ProtectedApi
2021-07-21T19:26:27.861+0700 [INFO]  agent: Deregistered service: service=IdentityServer
2021-07-21T19:27:22.137+0700 [INFO]  agent: Deregistered service: service=GeneralApi
2021-07-21T19:27:22.291+0700 [INFO]  agent: Deregistered service: service=ProtectedApi
2021-07-21T19:27:22.375+0700 [INFO]  agent: Synced service: service=GeneralApi
2021-07-21T19:27:22.459+0700 [INFO]  agent: Synced service: service=ProtectedApi
2021-07-21T19:27:24.090+0700 [WARN]  agent: Failed to deregister service: service=IdentityServer error="Service "IdentityServer" does not exist"
2021-07-21T19:27:24.253+0700 [INFO]  agent: Synced service: service=IdentityServer
2021-07-21T19:28:40.862+0700 [INFO]  agent: Deregistered service: service=GeneralApi
2021-07-21T19:28:41.127+0700 [INFO]  agent: Synced service: service=GeneralApi
2021-07-21T19:28:43.411+0700 [INFO]  agent: Deregistered service: service=IdentityServer
2021-07-21T19:28:43.514+0700 [INFO]  agent: Deregistered service: service=ProtectedApi
2021-07-21T19:28:43.581+0700 [INFO]  agent: Synced service: service=IdentityServer
2021-07-21T19:30:56.465+0700 [INFO]  agent: Deregistered service: service=GeneralApi
2021-07-21T19:30:56.514+0700 [WARN]  agent: Failed to deregister service: service=ProtectedApi error="Service "ProtectedApi" does not exist"
2021-07-21T19:30:56.582+0700 [INFO]  agent: Deregistered service: service=IdentityServer
2021-07-21T19:30:56.626+0700 [INFO]  agent: Synced service: service=GeneralApi
2021-07-21T19:30:56.658+0700 [INFO]  agent: Synced service: service=ProtectedApi
2021-07-21T19:30:56.726+0700 [INFO]  agent: Synced service: service=IdentityServer
2021-07-21T19:32:28.694+0700 [INFO]  agent: Deregistered service: service=ProtectedApi
2021-07-21T19:32:28.700+0700 [INFO]  agent: Deregistered service: service=GeneralApi
2021-07-21T19:32:28.888+0700 [INFO]  agent: Synced service: service=ProtectedApi
2021-07-21T19:32:28.902+0700 [INFO]  agent: Synced service: service=GeneralApi
2021-07-21T19:32:29.743+0700 [INFO]  agent: Deregistered service: service=IdentityServer
2021-07-21T19:32:29.917+0700 [INFO]  agent: Synced service: service=IdentityServer
2021-07-21T19:34:17.478+0700 [INFO]  agent: Deregistered service: service=ProtectedApi
2021-07-21T19:34:17.665+0700 [INFO]  agent: Synced service: service=ProtectedApi
2021-07-21T19:34:17.677+0700 [INFO]  agent: Deregistered service: service=IdentityServer
2021-07-21T19:34:17.682+0700 [INFO]  agent: Deregistered service: service=GeneralApi
2021-07-21T19:34:17.867+0700 [INFO]  agent: Synced service: service=GeneralApi
2021-07-21T19:34:17.883+0700 [INFO]  agent: Synced service: service=IdentityServer
2021-07-21T19:35:08.717+0700 [INFO]  agent: Deregistered service: service=ProtectedApi
2021-07-21T19:35:08.850+0700 [INFO]  agent: Deregistered service: service=GeneralApi
2021-07-21T19:35:08.911+0700 [INFO]  agent: Synced service: service=ProtectedApi
2021-07-21T19:35:09.032+0700 [INFO]  agent: Synced service: service=GeneralApi
2021-07-21T19:35:09.101+0700 [INFO]  agent: Deregistered service: service=IdentityServer
2021-07-21T19:35:09.278+0700 [INFO]  agent: Synced service: service=IdentityServer
2021-07-21T19:37:55.601+0700 [INFO]  agent: Deregistered service: service=GeneralApi
2021-07-21T19:37:55.707+0700 [INFO]  agent: Deregistered service: service=ProtectedApi
2021-07-21T19:37:55.772+0700 [INFO]  agent: Synced service: service=GeneralApi
2021-07-21T19:37:55.855+0700 [INFO]  agent: Deregistered service: service=IdentityServer
2021-07-21T19:37:55.868+0700 [INFO]  agent: Synced service: service=ProtectedApi
2021-07-21T19:37:55.994+0700 [INFO]  agent: Synced service: service=IdentityServer
2021-07-21T19:47:42.648+0700 [INFO]  agent: Deregistered service: service=GeneralApi
2021-07-21T19:47:42.708+0700 [INFO]  agent: Deregistered service: service=ProtectedApi
2021-07-21T19:47:42.841+0700 [INFO]  agent: Synced service: service=GeneralApi
2021-07-21T19:47:42.906+0700 [INFO]  agent: Synced service: service=ProtectedApi
2021-07-21T19:47:44.884+0700 [INFO]  agent: Deregistered service: service=IdentityServer
2021-07-21T19:47:45.020+0700 [INFO]  agent: Synced service: service=IdentityServer
2021-07-22T10:34:47.758+0700 [INFO]  agent.fsm: snapshot created: duration=0s
2021-07-22T10:34:47.758+0700 [INFO]  agent.server.raft: starting snapshot up to: index=213004
2021-07-22T10:34:47.758+0700 [INFO]  agent.server.snapshot: creating new snapshot: path=D:\Software\consul\data\raft\snapshots\9-213004-1626924887758.tmp
2021-07-22T10:34:47.767+0700 [INFO]  agent.server.snapshot: reaping snapshot: path=D:\Software\consul\data\raft\snapshots\8-180234-1625815939976
2021-07-22T10:34:47.768+0700 [INFO]  agent.server.raft: compacting logs: from=186381 to=202764
2021-07-22T10:34:47.802+0700 [INFO]  agent.server.raft: snapshot complete up to: index=213004
2021-07-22T14:14:05.826+0700 [INFO]  agent: Deregistered service: service=ProtectedApi
2021-07-22T14:14:06.048+0700 [INFO]  agent: Synced service: service=ProtectedApi
2021-07-22T14:14:07.437+0700 [INFO]  agent: Deregistered service: service=GeneralApi
2021-07-22T14:14:07.585+0700 [INFO]  agent: Synced service: service=GeneralApi
2021-07-22T14:14:08.145+0700 [INFO]  agent: Deregistered service: service=IdentityServer
2021-07-22T14:14:08.334+0700 [INFO]  agent: Synced service: service=IdentityServer
2021-07-22T14:15:16.632+0700 [INFO]  agent: Deregistered service: service=ProtectedApi
2021-07-22T14:15:16.774+0700 [INFO]  agent: Synced service: service=ProtectedApi
2021-07-22T14:15:17.852+0700 [INFO]  agent: Deregistered service: service=GeneralApi
2021-07-22T14:15:18.055+0700 [INFO]  agent: Synced service: service=GeneralApi
2021-07-22T14:15:18.385+0700 [INFO]  agent: Deregistered service: service=IdentityServer
2021-07-22T14:15:18.587+0700 [INFO]  agent: Synced service: service=IdentityServer
