2021-06-01T20:38:47.185+0700 [INFO]  agent: Deregistered service: service=ProtectedApi
2021-06-01T20:38:47.366+0700 [INFO]  agent: Synced service: service=ProtectedApi
2021-06-01T20:38:48.973+0700 [INFO]  agent: Deregistered service: service=GeneralApi
2021-06-01T20:38:49.103+0700 [INFO]  agent: Synced service: service=GeneralApi
2021-06-01T20:38:49.373+0700 [INFO]  agent: Deregistered service: service=IdentityServer
2021-06-01T20:38:49.578+0700 [INFO]  agent: Synced service: service=IdentityServer
2021-06-01T21:07:14.653+0700 [INFO]  agent: Deregistered service: service=ProtectedApi
2021-06-01T21:07:14.765+0700 [INFO]  agent: Synced service: service=ProtectedApi
2021-06-01T21:07:15.987+0700 [INFO]  agent: Deregistered service: service=GeneralApi
2021-06-01T21:07:16.119+0700 [INFO]  agent: Synced service: service=GeneralApi
2021-06-01T21:07:16.741+0700 [INFO]  agent: Deregistered service: service=IdentityServer
2021-06-01T21:07:16.897+0700 [INFO]  agent: Synced service: service=IdentityServer
2021-06-01T21:09:09.707+0700 [INFO]  agent: Deregistered service: service=ProtectedApi
2021-06-01T21:09:09.842+0700 [INFO]  agent: Synced service: service=ProtectedApi
2021-06-01T21:09:11.184+0700 [INFO]  agent: Deregistered service: service=GeneralApi
2021-06-01T21:09:11.339+0700 [INFO]  agent: Synced service: service=GeneralApi
2021-06-01T21:09:11.822+0700 [INFO]  agent: Deregistered service: service=IdentityServer
2021-06-01T21:09:11.943+0700 [INFO]  agent: Synced service: service=IdentityServer
2021-06-01T21:09:34.481+0700 [INFO]  agent: Deregistered service: service=ProtectedApi
2021-06-01T21:09:34.621+0700 [INFO]  agent: Synced service: service=ProtectedApi
2021-06-01T21:09:35.781+0700 [INFO]  agent: Deregistered service: service=GeneralApi
2021-06-01T21:09:35.890+0700 [INFO]  agent: Synced service: service=GeneralApi
2021-06-01T21:09:36.173+0700 [INFO]  agent: Deregistered service: service=IdentityServer
2021-06-01T21:09:36.341+0700 [INFO]  agent: Synced service: service=IdentityServer
2021-06-01T21:11:58.882+0700 [INFO]  agent: Deregistered service: service=ProtectedApi
2021-06-01T21:11:59.024+0700 [INFO]  agent: Synced service: service=ProtectedApi
2021-06-01T21:12:00.345+0700 [INFO]  agent: Deregistered service: service=GeneralApi
2021-06-01T21:12:00.470+0700 [INFO]  agent: Synced service: service=GeneralApi
2021-06-01T21:12:00.705+0700 [INFO]  agent: Deregistered service: service=IdentityServer
2021-06-01T21:12:00.828+0700 [INFO]  agent: Synced service: service=IdentityServer
2021-06-02T08:45:34.530+0700 [WARN]  agent: yamux: failed to send ping reply: session shutdown
2021-06-02T09:49:00.329+0700 [INFO]  agent: Deregistered service: service=ProtectedApi
2021-06-02T09:49:00.613+0700 [INFO]  agent: Synced service: service=ProtectedApi
2021-06-02T09:49:01.582+0700 [INFO]  agent: Deregistered service: service=GeneralApi
2021-06-02T09:49:01.741+0700 [INFO]  agent: Synced service: service=GeneralApi
2021-06-02T09:49:01.974+0700 [INFO]  agent: Deregistered service: service=IdentityServer
2021-06-02T09:49:02.128+0700 [INFO]  agent: Synced service: service=IdentityServer
2021-06-02T10:09:35.848+0700 [INFO]  agent: Deregistered service: service=ProtectedApi
2021-06-02T10:09:36.118+0700 [INFO]  agent: Synced service: service=ProtectedApi
2021-06-02T10:09:37.379+0700 [INFO]  agent: Deregistered service: service=GeneralApi
2021-06-02T10:09:37.526+0700 [INFO]  agent: Synced service: service=GeneralApi
2021-06-02T10:09:37.762+0700 [INFO]  agent: Deregistered service: service=IdentityServer
2021-06-02T10:09:37.930+0700 [INFO]  agent: Synced service: service=IdentityServer
2021-06-02T10:15:56.143+0700 [INFO]  agent: Deregistered service: service=ProtectedApi
2021-06-02T10:15:56.364+0700 [INFO]  agent: Synced service: service=ProtectedApi
2021-06-02T10:15:57.830+0700 [INFO]  agent: Deregistered service: service=GeneralApi
2021-06-02T10:15:58.040+0700 [INFO]  agent: Synced service: service=GeneralApi
2021-06-02T10:15:58.262+0700 [INFO]  agent: Deregistered service: service=IdentityServer
2021-06-02T10:15:58.412+0700 [INFO]  agent: Synced service: service=IdentityServer
2021-06-02T10:19:50.408+0700 [INFO]  agent: Deregistered service: service=ProtectedApi
2021-06-02T10:19:50.685+0700 [INFO]  agent: Synced service: service=ProtectedApi
2021-06-02T10:19:51.862+0700 [INFO]  agent: Deregistered service: service=GeneralApi
2021-06-02T10:19:52.045+0700 [INFO]  agent: Synced service: service=GeneralApi
2021-06-02T10:19:52.167+0700 [INFO]  agent: Deregistered service: service=IdentityServer
2021-06-02T10:19:52.330+0700 [INFO]  agent: Synced service: service=IdentityServer
2021-06-02T10:30:20.279+0700 [INFO]  agent: Deregistered service: service=ProtectedApi
2021-06-02T10:30:20.443+0700 [INFO]  agent: Synced service: service=ProtectedApi
2021-06-02T10:30:21.261+0700 [INFO]  agent: Deregistered service: service=GeneralApi
2021-06-02T10:30:21.875+0700 [INFO]  agent: Synced service: service=GeneralApi
2021-06-02T10:30:22.064+0700 [INFO]  agent: Deregistered service: service=IdentityServer
2021-06-02T10:36:09.543+0700 [INFO]  agent: Deregistered service: service=ProtectedApi
2021-06-02T10:36:09.760+0700 [INFO]  agent: Synced service: service=ProtectedApi
2021-06-02T10:36:11.736+0700 [INFO]  agent: Deregistered service: service=GeneralApi
2021-06-02T10:36:11.899+0700 [INFO]  agent: Synced service: service=GeneralApi
2021-06-02T10:36:11.946+0700 [WARN]  agent: Failed to deregister service: service=IdentityServer error="Service "IdentityServer" does not exist"
2021-06-02T10:36:12.101+0700 [INFO]  agent: Synced service: service=IdentityServer
2021-06-02T10:49:28.110+0700 [INFO]  agent: Deregistered service: service=ProtectedApi
2021-06-02T10:49:28.308+0700 [INFO]  agent: Synced service: service=ProtectedApi
2021-06-02T10:49:29.599+0700 [INFO]  agent: Deregistered service: service=GeneralApi
2021-06-02T10:49:29.835+0700 [INFO]  agent: Synced service: service=GeneralApi
2021-06-02T10:49:30.053+0700 [INFO]  agent: Deregistered service: service=IdentityServer
2021-06-02T10:49:30.222+0700 [INFO]  agent: Synced service: service=IdentityServer
2021-06-02T10:55:55.791+0700 [INFO]  agent: Deregistered service: service=ProtectedApi
2021-06-02T10:55:55.955+0700 [INFO]  agent: Synced service: service=ProtectedApi
2021-06-02T10:55:57.512+0700 [INFO]  agent: Deregistered service: service=GeneralApi
2021-06-02T10:55:57.723+0700 [INFO]  agent: Synced service: service=GeneralApi
2021-06-02T10:55:58.202+0700 [INFO]  agent: Deregistered service: service=IdentityServer
2021-06-02T10:55:58.503+0700 [INFO]  agent: Synced service: service=IdentityServer
2021-06-02T11:06:33.966+0700 [INFO]  agent: Deregistered service: service=ProtectedApi
2021-06-02T11:06:34.207+0700 [INFO]  agent: Synced service: service=ProtectedApi
2021-06-02T11:06:35.629+0700 [INFO]  agent: Deregistered service: service=GeneralApi
2021-06-02T11:06:35.814+0700 [INFO]  agent: Synced service: service=GeneralApi
2021-06-02T11:06:36.130+0700 [INFO]  agent: Deregistered service: service=IdentityServer
2021-06-02T11:06:36.324+0700 [INFO]  agent: Synced service: service=IdentityServer
2021-06-02T11:08:34.649+0700 [INFO]  agent: Deregistered service: service=ProtectedApi
2021-06-02T11:08:34.949+0700 [INFO]  agent: Synced service: service=ProtectedApi
2021-06-02T11:08:35.792+0700 [INFO]  agent: Deregistered service: service=GeneralApi
2021-06-02T11:08:35.984+0700 [INFO]  agent: Synced service: service=GeneralApi
2021-06-02T11:08:36.265+0700 [INFO]  agent: Deregistered service: service=IdentityServer
2021-06-02T11:08:36.438+0700 [INFO]  agent: Synced service: service=IdentityServer
2021-06-02T11:21:09.466+0700 [INFO]  agent: Deregistered service: service=GeneralApi
