2021-06-23T14:33:53.344+0700 [ERROR] agent: Failed to check for updates: error="Get "https://checkpoint-api.hashicorp.com/v1/check/consul?arch=amd64&os=windows&signature=96c882e6-835b-46e4-1b1c-f24c58c8ec45&version=1.9.5": dial tcp: lookup checkpoint-api.hashicorp.com: no such host"
2021-06-23T19:41:04.350+0700 [INFO]  agent: Deregistered service: service=ProtectedApi
2021-06-23T19:41:04.451+0700 [INFO]  agent: Synced service: service=ProtectedApi
2021-06-23T19:41:05.430+0700 [INFO]  agent: Deregistered service: service=GeneralApi
2021-06-23T19:41:05.606+0700 [INFO]  agent: Synced service: service=GeneralApi
2021-06-23T19:41:05.966+0700 [INFO]  agent: Deregistered service: service=IdentityServer
2021-06-23T19:41:06.167+0700 [INFO]  agent: Synced service: service=IdentityServer
2021-06-23T19:42:57.688+0700 [INFO]  agent: Deregistered service: service=ProtectedApi
2021-06-23T19:42:57.839+0700 [INFO]  agent: Synced service: service=ProtectedApi
2021-06-23T19:42:59.021+0700 [INFO]  agent: Deregistered service: service=GeneralApi
2021-06-23T19:42:59.175+0700 [INFO]  agent: Synced service: service=GeneralApi
2021-06-23T19:42:59.496+0700 [INFO]  agent: Deregistered service: service=IdentityServer
2021-06-23T19:42:59.665+0700 [INFO]  agent: Synced service: service=IdentityServer
2021-06-23T19:43:53.925+0700 [INFO]  agent: Deregistered service: service=ProtectedApi
2021-06-23T19:43:54.051+0700 [INFO]  agent: Synced service: service=ProtectedApi
2021-06-23T19:43:55.225+0700 [INFO]  agent: Deregistered service: service=GeneralApi
2021-06-23T19:43:55.400+0700 [INFO]  agent: Synced service: service=GeneralApi
2021-06-23T19:43:55.617+0700 [INFO]  agent: Deregistered service: service=IdentityServer
2021-06-23T19:43:55.755+0700 [INFO]  agent: Synced service: service=IdentityServer
2021-06-23T19:45:51.488+0700 [INFO]  agent: Deregistered service: service=ProtectedApi
2021-06-23T19:45:51.603+0700 [INFO]  agent: Synced service: service=ProtectedApi
2021-06-23T19:45:52.726+0700 [INFO]  agent: Deregistered service: service=GeneralApi
2021-06-23T19:45:52.847+0700 [INFO]  agent: Synced service: service=GeneralApi
2021-06-23T19:45:53.159+0700 [INFO]  agent: Deregistered service: service=IdentityServer
2021-06-23T19:45:53.347+0700 [INFO]  agent: Synced service: service=IdentityServer
2021-06-23T20:03:38.137+0700 [INFO]  agent: Deregistered service: service=ProtectedApi
2021-06-23T20:03:38.275+0700 [INFO]  agent: Synced service: service=ProtectedApi
2021-06-23T20:03:39.229+0700 [INFO]  agent: Deregistered service: service=GeneralApi
2021-06-23T20:03:39.363+0700 [INFO]  agent: Synced service: service=GeneralApi
2021-06-23T20:03:39.511+0700 [INFO]  agent: Deregistered service: service=IdentityServer
2021-06-23T20:03:39.647+0700 [INFO]  agent: Synced service: service=IdentityServer
2021-06-23T20:08:00.067+0700 [INFO]  agent: Deregistered service: service=ProtectedApi
2021-06-23T20:08:00.295+0700 [INFO]  agent: Synced service: service=ProtectedApi
2021-06-23T20:08:01.415+0700 [INFO]  agent: Deregistered service: service=GeneralApi
2021-06-23T20:08:01.552+0700 [INFO]  agent: Synced service: service=GeneralApi
2021-06-23T20:08:01.727+0700 [INFO]  agent: Deregistered service: service=IdentityServer
2021-06-23T20:08:01.904+0700 [INFO]  agent: Synced service: service=IdentityServer
2021-06-23T20:16:37.478+0700 [INFO]  agent: Deregistered service: service=ProtectedApi
2021-06-23T20:16:37.623+0700 [INFO]  agent: Synced service: service=ProtectedApi
2021-06-23T20:16:38.840+0700 [INFO]  agent: Deregistered service: service=GeneralApi
2021-06-23T20:16:39.089+0700 [INFO]  agent: Synced service: service=GeneralApi
2021-06-23T20:16:39.544+0700 [INFO]  agent: Deregistered service: service=IdentityServer
2021-06-23T20:16:39.775+0700 [INFO]  agent: Synced service: service=IdentityServer
2021-06-23T20:17:24.216+0700 [INFO]  agent: Deregistered service: service=ProtectedApi
2021-06-23T20:17:24.399+0700 [INFO]  agent: Synced service: service=ProtectedApi
2021-06-23T20:17:25.988+0700 [INFO]  agent: Deregistered service: service=GeneralApi
2021-06-23T20:17:26.338+0700 [INFO]  agent: Synced service: service=GeneralApi
2021-06-23T20:17:26.817+0700 [INFO]  agent: Deregistered service: service=IdentityServer
2021-06-23T20:17:27.165+0700 [INFO]  agent: Synced service: service=IdentityServer
2021-06-23T20:20:00.147+0700 [INFO]  agent: Deregistered service: service=ProtectedApi
2021-06-23T20:20:00.282+0700 [INFO]  agent: Synced service: service=ProtectedApi
2021-06-23T20:20:01.269+0700 [INFO]  agent: Deregistered service: service=GeneralApi
2021-06-23T20:20:01.403+0700 [INFO]  agent: Synced service: service=GeneralApi
2021-06-23T20:20:01.640+0700 [INFO]  agent: Deregistered service: service=IdentityServer
2021-06-23T20:20:01.844+0700 [INFO]  agent: Synced service: service=IdentityServer
2021-06-23T20:22:31.319+0700 [INFO]  agent: Deregistered service: service=ProtectedApi
2021-06-23T20:22:31.430+0700 [INFO]  agent: Synced service: service=ProtectedApi
2021-06-23T20:22:32.468+0700 [INFO]  agent: Deregistered service: service=GeneralApi
2021-06-23T20:22:32.655+0700 [INFO]  agent: Synced service: service=GeneralApi
2021-06-23T20:22:32.971+0700 [INFO]  agent: Deregistered service: service=IdentityServer
2021-06-23T20:22:33.155+0700 [INFO]  agent: Synced service: service=IdentityServer
2021-06-23T20:24:31.878+0700 [INFO]  agent: Deregistered service: service=ProtectedApi
2021-06-23T20:24:32.022+0700 [INFO]  agent: Synced service: service=ProtectedApi
2021-06-23T20:24:33.068+0700 [INFO]  agent: Deregistered service: service=GeneralApi
2021-06-23T20:24:33.227+0700 [INFO]  agent: Synced service: service=GeneralApi
2021-06-23T20:24:33.509+0700 [INFO]  agent: Deregistered service: service=IdentityServer
2021-06-23T20:24:33.725+0700 [INFO]  agent: Synced service: service=IdentityServer
2021-06-23T20:28:41.474+0700 [INFO]  agent: Deregistered service: service=ProtectedApi
2021-06-23T20:28:41.702+0700 [INFO]  agent: Synced service: service=ProtectedApi
2021-06-23T20:28:42.852+0700 [INFO]  agent: Deregistered service: service=GeneralApi
2021-06-23T20:28:42.974+0700 [INFO]  agent: Synced service: service=GeneralApi
2021-06-23T20:28:43.243+0700 [INFO]  agent: Deregistered service: service=IdentityServer
2021-06-23T20:28:43.403+0700 [INFO]  agent: Synced service: service=IdentityServer
2021-06-23T20:42:07.678+0700 [INFO]  agent: Deregistered service: service=ProtectedApi
2021-06-23T20:42:07.857+0700 [INFO]  agent: Synced service: service=ProtectedApi
2021-06-23T20:42:08.812+0700 [INFO]  agent: Deregistered service: service=GeneralApi
2021-06-23T20:42:09.002+0700 [INFO]  agent: Synced service: service=GeneralApi
2021-06-23T20:42:09.242+0700 [INFO]  agent: Deregistered service: service=IdentityServer
2021-06-23T20:42:09.384+0700 [INFO]  agent: Synced service: service=IdentityServer
2021-06-23T20:56:44.696+0700 [INFO]  agent: Deregistered service: service=ProtectedApi
2021-06-23T20:56:44.821+0700 [INFO]  agent: Synced service: service=ProtectedApi
2021-06-23T20:56:45.953+0700 [INFO]  agent: Deregistered service: service=GeneralApi
2021-06-23T20:56:46.122+0700 [INFO]  agent: Synced service: service=GeneralApi
2021-06-23T20:56:46.390+0700 [INFO]  agent: Deregistered service: service=IdentityServer
2021-06-23T20:56:46.590+0700 [INFO]  agent: Synced service: service=IdentityServer
2021-06-23T20:59:13.895+0700 [INFO]  agent: Deregistered service: service=ProtectedApi
2021-06-23T20:59:14.066+0700 [INFO]  agent: Synced service: service=ProtectedApi
2021-06-23T20:59:15.950+0700 [INFO]  agent: Deregistered service: service=GeneralApi
2021-06-23T20:59:16.294+0700 [INFO]  agent: Synced service: service=GeneralApi
2021-06-23T20:59:16.571+0700 [INFO]  agent: Deregistered service: service=IdentityServer
2021-06-23T20:59:16.801+0700 [INFO]  agent: Synced service: service=IdentityServer
2021-06-23T21:06:17.476+0700 [INFO]  agent: Deregistered service: service=ProtectedApi
2021-06-23T21:06:17.642+0700 [INFO]  agent: Synced service: service=ProtectedApi
2021-06-23T21:06:18.598+0700 [INFO]  agent: Deregistered service: service=GeneralApi
2021-06-23T21:06:18.759+0700 [INFO]  agent: Synced service: service=GeneralApi
2021-06-23T21:06:19.104+0700 [INFO]  agent: Deregistered service: service=IdentityServer
2021-06-23T21:06:19.282+0700 [INFO]  agent: Synced service: service=IdentityServer
2021-06-23T21:21:47.416+0700 [INFO]  agent: Deregistered service: service=ProtectedApi
2021-06-23T21:21:47.558+0700 [INFO]  agent: Synced service: service=ProtectedApi
2021-06-23T21:21:48.424+0700 [INFO]  agent: Deregistered service: service=GeneralApi
2021-06-23T21:21:48.562+0700 [INFO]  agent: Synced service: service=GeneralApi
2021-06-23T21:21:48.865+0700 [INFO]  agent: Deregistered service: service=IdentityServer
2021-06-23T21:21:49.068+0700 [INFO]  agent: Synced service: service=IdentityServer
2021-06-23T21:22:34.593+0700 [INFO]  agent: Deregistered service: service=ProtectedApi
2021-06-23T21:22:34.776+0700 [INFO]  agent: Synced service: service=ProtectedApi
2021-06-23T21:22:36.136+0700 [INFO]  agent: Deregistered service: service=GeneralApi
2021-06-23T21:22:36.302+0700 [INFO]  agent: Synced service: service=GeneralApi
2021-06-23T21:22:36.691+0700 [INFO]  agent: Deregistered service: service=IdentityServer
2021-06-23T21:22:36.831+0700 [INFO]  agent: Synced service: service=IdentityServer
2021-06-23T21:26:21.150+0700 [INFO]  agent: Deregistered service: service=ProtectedApi
2021-06-23T21:26:21.312+0700 [INFO]  agent: Synced service: service=ProtectedApi
2021-06-23T21:26:22.141+0700 [INFO]  agent: Deregistered service: service=GeneralApi
2021-06-23T21:26:22.453+0700 [INFO]  agent: Synced service: service=GeneralApi
2021-06-23T21:26:22.755+0700 [INFO]  agent: Deregistered service: service=IdentityServer
2021-06-23T21:26:22.968+0700 [INFO]  agent: Synced service: service=IdentityServer
2021-06-23T21:27:21.825+0700 [INFO]  agent: Deregistered service: service=ProtectedApi
2021-06-23T21:27:21.954+0700 [INFO]  agent: Synced service: service=ProtectedApi
2021-06-23T21:27:22.933+0700 [INFO]  agent: Deregistered service: service=GeneralApi
2021-06-23T21:27:23.027+0700 [INFO]  agent: Synced service: service=GeneralApi
2021-06-23T21:27:23.301+0700 [INFO]  agent: Deregistered service: service=IdentityServer
2021-06-23T21:27:23.489+0700 [INFO]  agent: Synced service: service=IdentityServer
2021-06-23T21:29:35.321+0700 [INFO]  agent: Deregistered service: service=ProtectedApi
2021-06-23T21:29:35.508+0700 [INFO]  agent: Synced service: service=ProtectedApi
2021-06-23T21:29:36.384+0700 [INFO]  agent: Deregistered service: service=GeneralApi
2021-06-23T21:29:36.550+0700 [INFO]  agent: Synced service: service=GeneralApi
2021-06-23T21:29:36.832+0700 [INFO]  agent: Deregistered service: service=IdentityServer
2021-06-23T21:29:36.991+0700 [INFO]  agent: Synced service: service=IdentityServer
2021-06-23T21:33:04.731+0700 [INFO]  agent: Deregistered service: service=ProtectedApi
2021-06-23T21:33:04.866+0700 [INFO]  agent: Synced service: service=ProtectedApi
2021-06-23T21:33:05.900+0700 [INFO]  agent: Deregistered service: service=GeneralApi
2021-06-23T21:33:06.064+0700 [INFO]  agent: Synced service: service=GeneralApi
2021-06-23T21:33:06.475+0700 [INFO]  agent: Deregistered service: service=IdentityServer
2021-06-23T21:33:06.644+0700 [INFO]  agent: Synced service: service=IdentityServer
2021-06-23T21:34:04.352+0700 [INFO]  agent: Deregistered service: service=ProtectedApi
2021-06-23T21:34:04.494+0700 [INFO]  agent: Synced service: service=ProtectedApi
2021-06-23T21:34:05.380+0700 [INFO]  agent: Deregistered service: service=GeneralApi
2021-06-23T21:34:05.515+0700 [INFO]  agent: Synced service: service=GeneralApi
2021-06-23T21:34:05.757+0700 [INFO]  agent: Deregistered service: service=IdentityServer
2021-06-23T21:34:05.896+0700 [INFO]  agent: Synced service: service=IdentityServer
2021-06-23T21:35:46.780+0700 [INFO]  agent: Deregistered service: service=ProtectedApi
2021-06-23T21:35:46.915+0700 [INFO]  agent: Synced service: service=ProtectedApi
2021-06-23T21:35:47.905+0700 [INFO]  agent: Deregistered service: service=GeneralApi
2021-06-23T21:35:48.073+0700 [INFO]  agent: Synced service: service=GeneralApi
2021-06-23T21:35:48.329+0700 [INFO]  agent: Deregistered service: service=IdentityServer
2021-06-23T21:35:48.487+0700 [INFO]  agent: Synced service: service=IdentityServer
2021-06-23T21:42:48.381+0700 [INFO]  agent: Deregistered service: service=ProtectedApi
2021-06-23T21:42:48.579+0700 [INFO]  agent: Synced service: service=ProtectedApi
2021-06-23T21:42:49.659+0700 [INFO]  agent: Deregistered service: service=GeneralApi
2021-06-23T21:42:49.791+0700 [INFO]  agent: Synced service: service=GeneralApi
2021-06-23T21:42:50.023+0700 [INFO]  agent: Deregistered service: service=IdentityServer
2021-06-23T21:42:50.108+0700 [INFO]  agent: Synced service: service=IdentityServer
2021-06-23T21:43:38.976+0700 [INFO]  agent: Deregistered service: service=ProtectedApi
2021-06-23T21:43:39.182+0700 [INFO]  agent: Synced service: service=ProtectedApi
2021-06-23T21:43:40.540+0700 [INFO]  agent: Deregistered service: service=GeneralApi
2021-06-23T21:43:40.741+0700 [INFO]  agent: Synced service: service=GeneralApi
2021-06-23T21:43:41.091+0700 [INFO]  agent: Deregistered service: service=IdentityServer
2021-06-23T21:43:41.322+0700 [INFO]  agent: Synced service: service=IdentityServer
2021-06-23T21:46:28.999+0700 [INFO]  agent: Deregistered service: service=ProtectedApi
2021-06-23T21:46:29.189+0700 [INFO]  agent: Synced service: service=ProtectedApi
2021-06-23T21:46:30.335+0700 [INFO]  agent: Deregistered service: service=GeneralApi
2021-06-23T21:46:30.574+0700 [INFO]  agent: Synced service: service=GeneralApi
2021-06-23T21:46:30.899+0700 [INFO]  agent: Deregistered service: service=IdentityServer
2021-06-23T21:46:31.074+0700 [INFO]  agent: Synced service: service=IdentityServer
2021-06-23T21:54:27.311+0700 [INFO]  agent: Deregistered service: service=ProtectedApi
2021-06-23T21:54:27.451+0700 [INFO]  agent: Synced service: service=ProtectedApi
2021-06-23T21:54:28.490+0700 [INFO]  agent: Deregistered service: service=GeneralApi
2021-06-23T21:54:28.684+0700 [INFO]  agent: Synced service: service=GeneralApi
2021-06-23T21:54:29.008+0700 [INFO]  agent: Deregistered service: service=IdentityServer
2021-06-23T21:54:29.207+0700 [INFO]  agent: Synced service: service=IdentityServer
2021-06-24T11:02:52.500+0700 [WARN]  agent: error getting server health from server: server=MSI error="context deadline exceeded"
