2021-08-02T18:43:57.497+0700 [INFO]  agent: Deregistered service: service=ProtectedApi
2021-08-02T18:43:57.706+0700 [INFO]  agent: Synced service: service=ProtectedApi
2021-08-02T18:43:58.617+0700 [INFO]  agent: Deregistered service: service=GeneralApi
2021-08-02T18:43:58.767+0700 [INFO]  agent: Synced service: service=GeneralApi
2021-08-02T18:43:59.168+0700 [INFO]  agent: Deregistered service: service=IdentityServer
2021-08-02T18:43:59.329+0700 [INFO]  agent: Synced service: service=IdentityServer
2021-08-02T19:16:41.897+0700 [INFO]  agent: Deregistered service: service=GeneralApi
2021-08-02T19:16:42.052+0700 [INFO]  agent: Deregistered service: service=ProtectedApi
2021-08-02T19:16:42.190+0700 [INFO]  agent: Synced service: service=GeneralApi
2021-08-02T19:16:42.192+0700 [INFO]  agent: Deregistered service: service=IdentityServer
2021-08-02T19:16:42.283+0700 [INFO]  agent: Synced service: service=ProtectedApi
2021-08-02T19:16:42.441+0700 [INFO]  agent: Synced service: service=IdentityServer
2021-08-02T19:24:41.669+0700 [INFO]  agent: Deregistered service: service=GeneralApi
2021-08-02T19:24:41.711+0700 [INFO]  agent: Deregistered service: service=ProtectedApi
2021-08-02T19:24:42.150+0700 [INFO]  agent: Synced service: service=GeneralApi
2021-08-02T19:24:42.182+0700 [INFO]  agent: Synced service: service=ProtectedApi
2021-08-02T19:24:43.859+0700 [INFO]  agent: Deregistered service: service=IdentityServer
2021-08-02T19:24:43.973+0700 [INFO]  agent: Synced service: service=IdentityServer
2021-08-02T19:32:43.495+0700 [INFO]  agent: Deregistered service: service=ProtectedApi
2021-08-02T19:32:43.571+0700 [INFO]  agent: Deregistered service: service=GeneralApi
2021-08-02T19:32:43.635+0700 [INFO]  agent: Deregistered service: service=IdentityServer
2021-08-02T19:32:43.670+0700 [INFO]  agent: Synced service: service=ProtectedApi
2021-08-02T19:32:43.776+0700 [INFO]  agent: Synced service: service=GeneralApi
2021-08-02T19:32:43.824+0700 [INFO]  agent: Synced service: service=IdentityServer
2021-08-02T20:42:38.445+0700 [INFO]  agent: Newer Consul version available: new_version=1.10.1 current_version=1.9.5
2021-08-02T21:50:04.850+0700 [INFO]  agent: Deregistered service: service=ProtectedApi
2021-08-02T21:50:05.009+0700 [INFO]  agent: Synced service: service=ProtectedApi
2021-08-02T21:50:05.948+0700 [INFO]  agent: Deregistered service: service=GeneralApi
2021-08-02T21:50:06.104+0700 [INFO]  agent: Synced service: service=GeneralApi
2021-08-02T21:50:06.433+0700 [INFO]  agent: Deregistered service: service=IdentityServer
2021-08-02T21:50:06.618+0700 [INFO]  agent: Synced service: service=IdentityServer
2021-08-02T22:13:22.087+0700 [INFO]  agent: Deregistered service: service=ProtectedApi
2021-08-02T22:13:22.269+0700 [INFO]  agent: Synced service: service=ProtectedApi
2021-08-02T22:13:23.657+0700 [INFO]  agent: Deregistered service: service=GeneralApi
2021-08-02T22:13:23.774+0700 [INFO]  agent: Synced service: service=GeneralApi
2021-08-02T22:13:24.027+0700 [INFO]  agent: Deregistered service: service=IdentityServer
2021-08-02T22:13:24.207+0700 [INFO]  agent: Synced service: service=IdentityServer
2021-08-02T22:13:54.164+0700 [INFO]  agent: Deregistered service: service=ProtectedApi
2021-08-02T22:13:54.301+0700 [INFO]  agent: Synced service: service=ProtectedApi
2021-08-02T22:13:55.451+0700 [INFO]  agent: Deregistered service: service=GeneralApi
2021-08-02T22:13:55.625+0700 [INFO]  agent: Synced service: service=GeneralApi
2021-08-02T22:13:55.941+0700 [INFO]  agent: Deregistered service: service=IdentityServer
2021-08-02T22:13:56.096+0700 [INFO]  agent: Synced service: service=IdentityServer
2021-08-03T11:27:34.021+0700 [INFO]  agent: Deregistered service: service=ProtectedApi
2021-08-03T11:27:34.281+0700 [INFO]  agent: Synced service: service=ProtectedApi
2021-08-03T11:27:35.831+0700 [INFO]  agent: Deregistered service: service=GeneralApi
2021-08-03T11:27:35.973+0700 [INFO]  agent: Synced service: service=GeneralApi
2021-08-03T11:27:36.303+0700 [INFO]  agent: Deregistered service: service=IdentityServer
2021-08-03T11:27:36.583+0700 [INFO]  agent: Synced service: service=IdentityServer
2021-08-03T12:16:41.831+0700 [INFO]  agent: Deregistered service: service=ProtectedApi
2021-08-03T12:16:42.007+0700 [INFO]  agent: Synced service: service=ProtectedApi
2021-08-03T12:16:43.161+0700 [INFO]  agent: Deregistered service: service=GeneralApi
2021-08-03T12:16:43.342+0700 [INFO]  agent: Synced service: service=GeneralApi
2021-08-03T12:16:43.606+0700 [INFO]  agent: Deregistered service: service=IdentityServer
2021-08-03T12:16:43.767+0700 [INFO]  agent: Synced service: service=IdentityServer
2021-08-03T12:18:55.568+0700 [INFO]  agent: Deregistered service: service=ProtectedApi
2021-08-03T12:18:55.697+0700 [INFO]  agent: Synced service: service=ProtectedApi
2021-08-03T12:19:05.827+0700 [INFO]  agent: Deregistered service: service=GeneralApi
2021-08-03T12:19:05.831+0700 [INFO]  agent: Synced service: service=GeneralApi
2021-08-03T12:19:05.841+0700 [INFO]  agent: Deregistered service: service=IdentityServer
2021-08-03T12:19:05.846+0700 [INFO]  agent: Synced service: service=IdentityServer
