2021-07-01T20:07:53.136+0700 [INFO]  agent: Newer Consul version available: new_version=1.10.0 current_version=1.9.5
2021-07-01T22:00:38.139+0700 [INFO]  agent: Deregistered service: service=ProtectedApi
2021-07-01T22:00:38.299+0700 [INFO]  agent: Synced service: service=ProtectedApi
2021-07-01T22:00:39.730+0700 [INFO]  agent: Deregistered service: service=GeneralApi
2021-07-01T22:00:40.102+0700 [INFO]  agent: Synced service: service=GeneralApi
2021-07-01T22:00:40.347+0700 [INFO]  agent: Deregistered service: service=IdentityServer
2021-07-01T22:00:40.566+0700 [INFO]  agent: Synced service: service=IdentityServer
2021-07-01T22:45:45.295+0700 [INFO]  agent: Deregistered service: service=ProtectedApi
2021-07-01T22:45:45.419+0700 [INFO]  agent: Synced service: service=ProtectedApi
2021-07-01T22:45:46.517+0700 [INFO]  agent: Deregistered service: service=GeneralApi
2021-07-01T22:45:46.703+0700 [INFO]  agent: Synced service: service=GeneralApi
2021-07-01T22:45:47.112+0700 [INFO]  agent: Deregistered service: service=IdentityServer
2021-07-01T22:45:47.336+0700 [INFO]  agent: Synced service: service=IdentityServer
2021-07-01T22:55:15.282+0700 [INFO]  agent: Deregistered service: service=ProtectedApi
2021-07-01T22:55:15.429+0700 [INFO]  agent: Synced service: service=ProtectedApi
2021-07-01T22:55:16.725+0700 [INFO]  agent: Deregistered service: service=GeneralApi
2021-07-01T22:55:16.926+0700 [INFO]  agent: Synced service: service=GeneralApi
2021-07-01T22:55:17.258+0700 [INFO]  agent: Deregistered service: service=IdentityServer
2021-07-01T22:55:17.395+0700 [INFO]  agent: Synced service: service=IdentityServer
2021-07-01T22:56:39.115+0700 [INFO]  agent: Deregistered service: service=ProtectedApi
2021-07-01T22:56:39.308+0700 [INFO]  agent: Synced service: service=ProtectedApi
2021-07-01T22:56:40.482+0700 [INFO]  agent: Deregistered service: service=GeneralApi
2021-07-01T22:56:40.608+0700 [INFO]  agent: Synced service: service=GeneralApi
2021-07-01T22:56:40.987+0700 [INFO]  agent: Deregistered service: service=IdentityServer
2021-07-01T22:56:41.129+0700 [INFO]  agent: Synced service: service=IdentityServer
2021-07-01T23:35:48.707+0700 [INFO]  agent: Deregistered service: service=ProtectedApi
2021-07-01T23:35:48.872+0700 [INFO]  agent: Synced service: service=ProtectedApi
2021-07-01T23:35:50.063+0700 [INFO]  agent: Deregistered service: service=GeneralApi
2021-07-01T23:35:50.252+0700 [INFO]  agent: Synced service: service=GeneralApi
2021-07-01T23:35:50.550+0700 [INFO]  agent: Deregistered service: service=IdentityServer
2021-07-01T23:35:50.706+0700 [INFO]  agent: Synced service: service=IdentityServer
2021-07-01T23:41:04.852+0700 [INFO]  agent: Deregistered service: service=ProtectedApi
2021-07-01T23:41:05.060+0700 [INFO]  agent: Synced service: service=ProtectedApi
2021-07-01T23:41:06.653+0700 [INFO]  agent: Deregistered service: service=GeneralApi
2021-07-01T23:41:06.795+0700 [INFO]  agent: Synced service: service=GeneralApi
2021-07-01T23:41:07.152+0700 [INFO]  agent: Deregistered service: service=IdentityServer
2021-07-01T23:41:07.335+0700 [INFO]  agent: Synced service: service=IdentityServer
2021-07-01T23:43:17.266+0700 [INFO]  agent: Deregistered service: service=ProtectedApi
2021-07-01T23:43:17.452+0700 [INFO]  agent: Synced service: service=ProtectedApi
2021-07-01T23:43:18.722+0700 [INFO]  agent: Deregistered service: service=GeneralApi
2021-07-01T23:43:18.960+0700 [INFO]  agent: Synced service: service=GeneralApi
2021-07-01T23:43:19.397+0700 [INFO]  agent: Deregistered service: service=IdentityServer
2021-07-01T23:43:19.600+0700 [INFO]  agent: Synced service: service=IdentityServer
2021-07-01T23:46:54.144+0700 [INFO]  agent: Deregistered service: service=ProtectedApi
2021-07-01T23:46:54.291+0700 [INFO]  agent: Synced service: service=ProtectedApi
2021-07-01T23:46:55.465+0700 [INFO]  agent: Deregistered service: service=GeneralApi
2021-07-01T23:46:55.619+0700 [INFO]  agent: Synced service: service=GeneralApi
2021-07-01T23:46:56.071+0700 [INFO]  agent: Deregistered service: service=IdentityServer
2021-07-01T23:46:56.293+0700 [INFO]  agent: Synced service: service=IdentityServer
2021-07-02T16:31:19.250+0700 [INFO]  agent: Newer Consul version available: new_version=1.10.0 current_version=1.9.5
2021-07-02T18:40:05.122+0700 [INFO]  agent: Deregistered service: service=ProtectedApi
2021-07-02T18:40:05.255+0700 [INFO]  agent: Synced service: service=ProtectedApi
2021-07-02T18:40:06.446+0700 [INFO]  agent: Deregistered service: service=GeneralApi
2021-07-02T18:40:06.676+0700 [INFO]  agent: Synced service: service=GeneralApi
2021-07-02T18:40:07.035+0700 [INFO]  agent: Deregistered service: service=IdentityServer
2021-07-02T18:40:07.211+0700 [INFO]  agent: Synced service: service=IdentityServer
2021-07-02T18:41:23.734+0700 [INFO]  agent: Deregistered service: service=ProtectedApi
2021-07-02T18:41:23.895+0700 [INFO]  agent: Synced service: service=ProtectedApi
2021-07-02T18:41:24.822+0700 [INFO]  agent: Deregistered service: service=GeneralApi
2021-07-02T18:41:25.042+0700 [INFO]  agent: Synced service: service=GeneralApi
2021-07-02T18:41:25.367+0700 [INFO]  agent: Deregistered service: service=IdentityServer
2021-07-02T18:41:25.489+0700 [INFO]  agent: Synced service: service=IdentityServer
