2021-08-04T08:22:34.247+0700 [ERROR] agent: Failed to check for updates: error="Get "https://checkpoint-api.hashicorp.com/v1/check/consul?arch=amd64&os=windows&signature=96c882e6-835b-46e4-1b1c-f24c58c8ec45&version=1.9.5": dial tcp: lookup checkpoint-api.hashicorp.com: no such host"
2021-08-04T12:43:55.384+0700 [INFO]  agent: Deregistered service: service=ProtectedApi
2021-08-04T12:43:55.782+0700 [INFO]  agent: Synced service: service=ProtectedApi
2021-08-04T12:43:56.877+0700 [INFO]  agent: Deregistered service: service=GeneralApi
2021-08-04T12:43:57.061+0700 [INFO]  agent: Synced service: service=GeneralApi
2021-08-04T12:43:57.190+0700 [INFO]  agent: Deregistered service: service=IdentityServer
2021-08-04T12:43:57.331+0700 [INFO]  agent: Synced service: service=IdentityServer
2021-08-04T13:04:28.378+0700 [INFO]  agent: Deregistered service: service=ProtectedApi
2021-08-04T13:04:28.721+0700 [INFO]  agent: Synced service: service=ProtectedApi
2021-08-04T13:04:29.666+0700 [INFO]  agent: Deregistered service: service=GeneralApi
2021-08-04T13:04:29.906+0700 [INFO]  agent: Synced service: service=GeneralApi
2021-08-04T13:04:30.040+0700 [INFO]  agent: Deregistered service: service=IdentityServer
2021-08-04T13:04:30.258+0700 [INFO]  agent: Synced service: service=IdentityServer
2021-08-04T14:01:57.191+0700 [INFO]  agent: Deregistered service: service=ProtectedApi
2021-08-04T14:01:57.482+0700 [INFO]  agent: Synced service: service=ProtectedApi
2021-08-04T14:01:58.442+0700 [INFO]  agent: Deregistered service: service=GeneralApi
2021-08-04T14:01:58.594+0700 [INFO]  agent: Deregistered service: service=IdentityServer
2021-08-04T14:01:58.646+0700 [INFO]  agent: Synced service: service=GeneralApi
2021-08-04T14:01:58.788+0700 [INFO]  agent: Synced service: service=IdentityServer
2021-08-04T14:08:34.519+0700 [INFO]  agent: Deregistered service: service=ProtectedApi
2021-08-04T14:08:34.995+0700 [INFO]  agent: Synced service: service=ProtectedApi
2021-08-04T14:08:36.047+0700 [INFO]  agent: Deregistered service: service=GeneralApi
2021-08-04T14:08:36.336+0700 [INFO]  agent: Synced service: service=GeneralApi
2021-08-04T14:08:36.690+0700 [INFO]  agent: Deregistered service: service=IdentityServer
2021-08-04T14:08:36.973+0700 [INFO]  agent: Synced service: service=IdentityServer
2021-08-04T17:45:34.383+0700 [INFO]  agent: Deregistered service: service=ProtectedApi
2021-08-04T17:45:34.827+0700 [INFO]  agent: Synced service: service=ProtectedApi
2021-08-04T17:45:36.114+0700 [INFO]  agent: Deregistered service: service=GeneralApi
2021-08-04T17:45:36.371+0700 [INFO]  agent: Deregistered service: service=IdentityServer
2021-08-04T17:45:36.387+0700 [INFO]  agent: Synced service: service=GeneralApi
2021-08-04T17:45:36.617+0700 [INFO]  agent: Synced service: service=IdentityServer
2021-08-04T22:37:39.282+0700 [INFO]  agent: Deregistered service: service=ProtectedApi
2021-08-04T22:37:39.593+0700 [INFO]  agent: Synced service: service=ProtectedApi
2021-08-04T22:37:40.705+0700 [INFO]  agent: Deregistered service: service=GeneralApi
2021-08-04T22:37:40.925+0700 [INFO]  agent: Deregistered service: service=IdentityServer
2021-08-04T22:37:40.970+0700 [INFO]  agent: Synced service: service=GeneralApi
2021-08-04T22:37:41.159+0700 [INFO]  agent: Synced service: service=IdentityServer
2021-08-04T22:49:03.081+0700 [INFO]  agent: Deregistered service: service=GeneralApi
2021-08-04T22:49:03.083+0700 [INFO]  agent: Deregistered service: service=ProtectedApi
2021-08-04T22:49:03.192+0700 [INFO]  agent: Synced service: service=ProtectedApi
2021-08-04T22:49:03.209+0700 [INFO]  agent: Synced service: service=GeneralApi
2021-08-04T22:49:03.302+0700 [INFO]  agent: Deregistered service: service=IdentityServer
2021-08-04T22:49:03.426+0700 [INFO]  agent: Synced service: service=IdentityServer
